Clock: sys_clk
Sources: sys_clk 
Generated: no
Virtual: yes
Propagated: no
Period: 20.000000

===========================================================================
report_clock_properties
============================================================================
Clock                   Period          Waveform
----------------------------------------------------
sys_clk              20.000000    0.000000 10.000000

===========================================================================
report_clock_latency
============================================================================
Clock sys_clk
rise -> rise
    min     max
0.000000 0.000000 source latency
0.431477         network latency _578_/CLK
        1.448301 network latency _575_/CLK
---------------
0.431477 1.448301 latency
        1.016825 skew

rise -> fall
    min     max
0.000000 0.000000 source latency
0.977513         network latency _644_/CLK
        1.400861 network latency _575_/CLK
---------------
0.977513 1.400861 latency
        0.423348 skew

fall -> fall
    min     max
0.000000 0.000000 source latency
0.387359         network latency _570_/CLK
        0.394138 network latency _586_/CLK
---------------
0.387359 0.394138 latency
        0.006779 skew



===========================================================================
report_clock_min_period
============================================================================
sys_clk period_min = 3.51 fmax = 284.94
