Clock: sys_clk
Sources: sys_clk 
Generated: no
Virtual: yes
Propagated: no
Period: 20.000000

===========================================================================
report_clock_properties
============================================================================
Clock                   Period          Waveform
----------------------------------------------------
sys_clk              20.000000    0.000000 10.000000

===========================================================================
report_clock_latency
============================================================================
Clock sys_clk
rise -> rise
    min     max
0.000000 0.000000 source latency
0.442006         network latency _570_/CLK
        1.485318 network latency _575_/CLK
---------------
0.442006 1.485318 latency
        1.043312 skew

rise -> fall
    min     max
0.000000 0.000000 source latency
0.996728         network latency _644_/CLK
        1.434187 network latency _575_/CLK
---------------
0.996728 1.434187 latency
        0.437458 skew

fall -> fall
    min     max
0.000000 0.000000 source latency
0.394859         network latency _570_/CLK
        0.403696 network latency _590_/CLK
---------------
0.394859 0.403696 latency
        0.008836 skew



===========================================================================
report_clock_min_period
============================================================================
sys_clk period_min = 3.54 fmax = 282.85
