Clock: sys_clk
Sources: sys_clk 
Generated: no
Virtual: yes
Propagated: no
Period: 100.000000

===========================================================================
report_clock_properties
============================================================================
Clock                   Period          Waveform
----------------------------------------------------
sys_clk             100.000000    0.000000 50.000000

===========================================================================
report_clock_latency
============================================================================
Clock sys_clk
rise -> rise
    min     max
0.000000 0.000000 source latency
0.769374         network latency _585_/CLK
        2.767293 network latency _669_/CLK
---------------
0.769374 2.767293 latency
        1.997918 skew

rise -> fall
    min     max
0.000000 0.000000 source latency
1.944375         network latency _678_/CLK
        2.762697 network latency _669_/CLK
---------------
1.944375 2.762697 latency
        0.818322 skew

fall -> fall
    min     max
0.000000 0.000000 source latency
0.704731         network latency _585_/CLK
        0.718295 network latency _560_/CLK
---------------
0.704731 0.718295 latency
        0.013564 skew



===========================================================================
report_clock_min_period
============================================================================
sys_clk period_min = 7.65 fmax = 130.65
