Reading OpenROAD database at '/home/kyouma-hououin/Documents/VLSI/designs/spi_sar_adc/librelane/runs/RUN_2025-12-07_14-16-00/20-openroad-generatepdn/spi_adc.odb'…
Reading library file at '/home/kyouma-hououin/pdk/ciel/sky130/versions/0fe599b2afb6708d281543108caf8310912f54af/sky130A/libs.ref/sky130_fd_sc_hd/lib/sky130_fd_sc_hd__tt_025C_1v80.lib'…
Reading design constraints file at '/nix/store/j0zxygszwgin6pwkx80mnja2sn8pcc6d-python3-3.11.9-env/lib/python3.11/site-packages/librelane/scripts/base.sdc'…
[INFO] Using clock sys_clk…
[INFO] Setting output delay to: 20.0
[INFO] Setting input delay to: 20.0
[INFO] Setting load to: 0.033442
[INFO] Setting clock uncertainty to: 0.25
[INFO] Setting clock transition to: 0.1499999999999999944488848768742172978818416595458984375
[INFO] Setting timing derate to: 5%
+ global_placement -density 0.5 -skip_io -pad_right 0 -pad_left 0 -init_wirelength_coef 0.25
[INFO GPL-0002] DBU: 1000
[INFO GPL-0003] SiteSize: (  0.460  2.720 ) um
[INFO GPL-0004] CoreBBox: (  5.520 10.880 ) ( 122.820 127.840 ) um
[INFO GPL-0006] NumInstances:               705
[INFO GPL-0007] NumPlaceInstances:          439
[INFO GPL-0008] NumFixedInstances:          266
[INFO GPL-0009] NumDummyInstances:            0
[INFO GPL-0010] NumNets:                    445
[INFO GPL-0011] NumPins:                   1683
[INFO GPL-0012] DieBBox:  (  0.000  0.000 ) ( 128.415 139.135 ) um
[INFO GPL-0013] CoreBBox: (  5.520 10.880 ) ( 122.820 127.840 ) um
[INFO GPL-0016] CoreArea:             13719.408 um^2
[INFO GPL-0017] NonPlaceInstsArea:      548.026 um^2
[INFO GPL-0018] PlaceInstsArea:        6199.696 um^2
[INFO GPL-0019] Util:                    47.069 %
[INFO GPL-0020] StdInstsArea:          6199.696 um^2
[INFO GPL-0021] MacroInstsArea:           0.000 um^2
[INFO GPL-0031] FillerInit:NumGCells:       466
[INFO GPL-0032] FillerInit:NumGNets:        445
[INFO GPL-0033] FillerInit:NumGPins:       1683
[INFO GPL-0023] TargetDensity:            0.500
[INFO GPL-0024] AvrgPlaceInstArea:       14.122 um^2
[INFO GPL-0025] IdealBinArea:            28.245 um^2
[INFO GPL-0026] IdealBinCnt:                485
[INFO GPL-0027] TotalBinArea:         13719.408 um^2
[INFO GPL-0028] BinCnt:        16     16
[INFO GPL-0029] BinSize: (  7.332  7.310 )
[INFO GPL-0030] NumBins: 256
[NesterovSolve] Iter:    1 overflow: 0.983 HPWL: 1433482
[NesterovSolve] Iter:   10 overflow: 0.974 HPWL: 1052483
[NesterovSolve] Iter:   20 overflow: 0.971 HPWL: 1036373
[NesterovSolve] Iter:   30 overflow: 0.971 HPWL: 1033759
[NesterovSolve] Iter:   40 overflow: 0.971 HPWL: 1034237
[NesterovSolve] Iter:   50 overflow: 0.971 HPWL: 1034131
[NesterovSolve] Iter:   60 overflow: 0.971 HPWL: 1034334
[NesterovSolve] Iter:   70 overflow: 0.971 HPWL: 1035077
[NesterovSolve] Iter:   80 overflow: 0.971 HPWL: 1036836
[NesterovSolve] Iter:   90 overflow: 0.971 HPWL: 1041111
[NesterovSolve] Iter:  100 overflow: 0.970 HPWL: 1051108
[NesterovSolve] Iter:  110 overflow: 0.968 HPWL: 1062646
[NesterovSolve] Iter:  120 overflow: 0.962 HPWL: 1096076
[NesterovSolve] Iter:  130 overflow: 0.956 HPWL: 1183500
[NesterovSolve] Iter:  140 overflow: 0.925 HPWL: 1449805
[NesterovSolve] Iter:  150 overflow: 0.902 HPWL: 1820043
[NesterovSolve] Iter:  160 overflow: 0.876 HPWL: 2058554
[NesterovSolve] Iter:  170 overflow: 0.859 HPWL: 2239299
[NesterovSolve] Iter:  180 overflow: 0.817 HPWL: 2651043
[NesterovSolve] Iter:  190 overflow: 0.770 HPWL: 2956456
[NesterovSolve] Iter:  200 overflow: 0.746 HPWL: 3200589
[NesterovSolve] Iter:  210 overflow: 0.701 HPWL: 3532250
[NesterovSolve] Iter:  220 overflow: 0.662 HPWL: 3867265
[NesterovSolve] Iter:  230 overflow: 0.619 HPWL: 4120840
[NesterovSolve] Iter:  240 overflow: 0.572 HPWL: 4428456
[NesterovSolve] Iter:  250 overflow: 0.526 HPWL: 4715078
[NesterovSolve] Iter:  260 overflow: 0.474 HPWL: 5008798
[NesterovSolve] Iter:  270 overflow: 0.429 HPWL: 5286708
[NesterovSolve] Iter:  280 overflow: 0.380 HPWL: 5541538
[NesterovSolve] Iter:  290 overflow: 0.326 HPWL: 5710240
[NesterovSolve] Iter:  300 overflow: 0.292 HPWL: 5851763
[NesterovSolve] Iter:  310 overflow: 0.259 HPWL: 5980461
[NesterovSolve] Iter:  320 overflow: 0.226 HPWL: 6081173
[NesterovSolve] Iter:  330 overflow: 0.197 HPWL: 6084825
[NesterovSolve] Iter:  340 overflow: 0.167 HPWL: 6139242
[NesterovSolve] Iter:  350 overflow: 0.145 HPWL: 6190400
[NesterovSolve] Iter:  360 overflow: 0.117 HPWL: 6247736
[NesterovSolve] Iter:  370 overflow: 0.101 HPWL: 6292359
[NesterovSolve] Finished with Overflow: 0.097513
[INFO] Setting RC values…
Setting global connections for newly added cells…
[INFO] Setting global connections...
Updating metrics…
Cell type report:                       Count       Area
  Fill cell                                86     322.81
  Tap cell                                180     225.22
  Buffer                                    2       8.76
  Inverter                                 18      67.56
  Sequential cell                         138    3625.98
  Multi-Input combinational cell          281    2497.40
  Total                                   705    6747.72
Writing OpenROAD database to '/home/kyouma-hououin/Documents/VLSI/designs/spi_sar_adc/librelane/runs/RUN_2025-12-07_14-16-00/23-openroad-globalplacementskipio/spi_adc.odb'…
Writing netlist to '/home/kyouma-hououin/Documents/VLSI/designs/spi_sar_adc/librelane/runs/RUN_2025-12-07_14-16-00/23-openroad-globalplacementskipio/spi_adc.nl.v'…
Writing powered netlist to '/home/kyouma-hououin/Documents/VLSI/designs/spi_sar_adc/librelane/runs/RUN_2025-12-07_14-16-00/23-openroad-globalplacementskipio/spi_adc.pnl.v'…
Writing layout to '/home/kyouma-hououin/Documents/VLSI/designs/spi_sar_adc/librelane/runs/RUN_2025-12-07_14-16-00/23-openroad-globalplacementskipio/spi_adc.def'…
Writing timing constraints to '/home/kyouma-hououin/Documents/VLSI/designs/spi_sar_adc/librelane/runs/RUN_2025-12-07_14-16-00/23-openroad-globalplacementskipio/spi_adc.sdc'…
