Clock: sys_clk
Sources: sys_clk 
Generated: no
Virtual: yes
Propagated: no
Period: 20.000000

===========================================================================
report_clock_properties
============================================================================
Clock                   Period          Waveform
----------------------------------------------------
sys_clk              20.000000    0.000000 10.000000

===========================================================================
report_clock_latency
============================================================================
Clock sys_clk
rise -> rise
    min     max
0.000000 0.000000 source latency
0.738122         network latency _578_/CLK
        2.593797 network latency _575_/CLK
---------------
0.738122 2.593797 latency
        1.855675 skew

rise -> fall
    min     max
0.000000 0.000000 source latency
1.817592         network latency _644_/CLK
        2.581516 network latency _575_/CLK
---------------
1.817592 2.581516 latency
        0.763924 skew

fall -> fall
    min     max
0.000000 0.000000 source latency
0.685535         network latency _578_/CLK
        0.694753 network latency _586_/CLK
---------------
0.685535 0.694753 latency
        0.009218 skew



===========================================================================
report_clock_min_period
============================================================================
sys_clk period_min = 7.41 fmax = 135.00
