Clock: sys_clk
Sources: sys_clk 
Generated: no
Virtual: yes
Propagated: no
Period: 20.000000

===========================================================================
report_clock_properties
============================================================================
Clock                   Period          Waveform
----------------------------------------------------
sys_clk              20.000000    0.000000 10.000000

===========================================================================
report_clock_latency
============================================================================
Clock sys_clk
rise -> rise
    min     max
0.000000 0.000000 source latency
0.300496         network latency _570_/CLK
        0.985773 network latency _575_/CLK
---------------
0.300496 0.985773 latency
        0.685277 skew

rise -> fall
    min     max
0.000000 0.000000 source latency
0.654560         network latency _644_/CLK
        0.943407 network latency _575_/CLK
---------------
0.654560 0.943407 latency
        0.288848 skew

fall -> fall
    min     max
0.000000 0.000000 source latency
0.266281         network latency _570_/CLK
        0.272060 network latency _590_/CLK
---------------
0.266281 0.272060 latency
        0.005778 skew



===========================================================================
report_clock_min_period
============================================================================
sys_clk period_min = 2.25 fmax = 445.04
