Clock: sys_clk
Sources: sys_clk 
Generated: no
Virtual: yes
Propagated: no
Period: 100.000000

===========================================================================
report_clock_properties
============================================================================
Clock                   Period          Waveform
----------------------------------------------------
sys_clk             100.000000    0.000000 50.000000

===========================================================================
report_clock_latency
============================================================================
Clock sys_clk
rise -> rise
    min     max
0.000000 0.000000 source latency
0.437965         network latency _585_/CLK
        1.513296 network latency _669_/CLK
---------------
0.437965 1.513296 latency
        1.075331 skew

rise -> fall
    min     max
0.000000 0.000000 source latency
1.005500         network latency _678_/CLK
        1.440403 network latency _669_/CLK
---------------
1.005500 1.440403 latency
        0.434903 skew

fall -> fall
    min     max
0.000000 0.000000 source latency
0.390450         network latency _585_/CLK
        0.397520 network latency _560_/CLK
---------------
0.390450 0.397520 latency
        0.007070 skew



===========================================================================
report_clock_min_period
============================================================================
sys_clk period_min = 3.55 fmax = 282.05
