Clock: sys_clk
Sources: sys_clk 
Generated: no
Virtual: yes
Propagated: no
Period: 100.000000

===========================================================================
report_clock_properties
============================================================================
Clock                   Period          Waveform
----------------------------------------------------
sys_clk             100.000000    0.000000 50.000000

===========================================================================
report_clock_latency
============================================================================
Clock sys_clk
rise -> rise
    min     max
0.000000 0.000000 source latency
0.402038         network latency _577_/CLK
        1.405694 network latency _669_/CLK
---------------
0.402038 1.405694 latency
        1.003657 skew

rise -> fall
    min     max
0.000000 0.000000 source latency
0.952604         network latency _678_/CLK
        1.356695 network latency _669_/CLK
---------------
0.952604 1.356695 latency
        0.404091 skew

fall -> fall
    min     max
0.000000 0.000000 source latency
0.368424         network latency _577_/CLK
        0.372189 network latency _565_/CLK
---------------
0.368424 0.372189 latency
        0.003766 skew



===========================================================================
report_clock_min_period
============================================================================
sys_clk period_min = 3.48 fmax = 287.41
