Clock: sys_clk
Sources: sys_clk 
Generated: no
Virtual: no
Propagated: no
Period: 20.000000

===========================================================================
report_clock_properties
============================================================================
Clock                   Period          Waveform
----------------------------------------------------
sys_clk              20.000000    0.000000 10.000000

===========================================================================
report_clock_latency
============================================================================
Clock sys_clk
rise -> rise
    min     max
0.000000 0.000000 source latency
0.890498         network latency _557_/CLK
        1.303964 network latency _575_/CLK
---------------
0.890498 1.303964 latency
        0.413465 skew

rise -> fall
    min     max
0.000000 0.000000 source latency
1.237565         network latency _575_/CLK
        1.237565 network latency _575_/CLK
---------------
1.237565 1.237565 latency
        0.000000 skew

fall -> fall
    min     max
0.000000 0.000000 source latency
0.493022         network latency _557_/CLK
        0.493022 network latency _557_/CLK
---------------
0.493022 0.493022 latency
        0.000000 skew



===========================================================================
report_clock_min_period
============================================================================
sys_clk period_min = 6.24 fmax = 160.29
