
===========================================================================
report_checks -unconstrained
===========================================================================
======================= nom_ff_n40C_1v95 Corner ===================================

Startpoint: reset_ (input port clocked by sys_clk)
Endpoint: _581_ (recovery check against rising-edge clock sys_clk)
Path Group: asynchronous
Path Type: max

Fanout         Cap        Slew       Delay        Time   Description
---------------------------------------------------------------------------------------------
                                  0.000000    0.000000   clock sys_clk (rise edge)
                                  0.000000    0.000000   clock network delay (propagated)
                                  4.000000    4.000000 ^ input external delay
     1    0.002741    0.013704    0.007085    4.007085 ^ reset_ (in)
                                                         reset_ (net)
                      0.013704    0.000000    4.007085 ^ input4/A (sky130_fd_sc_hd__dlymetal6s2s_1)
     4    0.022221    0.180445    0.155497    4.162582 ^ input4/X (sky130_fd_sc_hd__dlymetal6s2s_1)
                                                         net4 (net)
                      0.180446    0.000397    4.162979 ^ fanout63/A (sky130_fd_sc_hd__buf_2)
     8    0.044467    0.164282    0.190194    4.353173 ^ fanout63/X (sky130_fd_sc_hd__buf_2)
                                                         net63 (net)
                      0.164285    0.000610    4.353783 ^ fanout62/A (sky130_fd_sc_hd__clkbuf_4)
    10    0.052293    0.123239    0.184661    4.538444 ^ fanout62/X (sky130_fd_sc_hd__clkbuf_4)
                                                         net62 (net)
                      0.123244    0.000620    4.539063 ^ fanout61/A (sky130_fd_sc_hd__clkbuf_4)
    10    0.051752    0.122007    0.178189    4.717252 ^ fanout61/X (sky130_fd_sc_hd__clkbuf_4)
                                                         net61 (net)
                      0.122027    0.001553    4.718804 ^ _581_/RESET_B (sky130_fd_sc_hd__dfrtp_2)
                                              4.718804   data arrival time

                                 20.000000   20.000000   clock sys_clk (rise edge)
                                  0.000000   20.000000   clock source latency
     1    0.019224    0.068949    0.047590   20.047590 ^ sys_clk (in)
                                                         sys_clk (net)
                      0.068987    0.000000   20.047590 ^ clkbuf_0_sys_clk/A (sky130_fd_sc_hd__clkbuf_16)
     8    0.089376    0.081299    0.133204   20.180794 ^ clkbuf_0_sys_clk/X (sky130_fd_sc_hd__clkbuf_16)
                                                         clknet_0_sys_clk (net)
                      0.081498    0.003233   20.184027 ^ clkbuf_3_7__f_sys_clk/A (sky130_fd_sc_hd__clkbuf_16)
    14    0.060855    0.060246    0.121906   20.305933 ^ clkbuf_3_7__f_sys_clk/X (sky130_fd_sc_hd__clkbuf_16)
                                                         clknet_3_7__leaf_sys_clk (net)
                      0.060295    0.001537   20.307470 ^ _581_/CLK (sky130_fd_sc_hd__dfrtp_2)
                                 -0.250000   20.057470   clock uncertainty
                                  0.000000   20.057470   clock reconvergence pessimism
                                  0.114922   20.172392   library recovery time
                                             20.172392   data required time
---------------------------------------------------------------------------------------------
                                             20.172392   data required time
                                             -4.718804   data arrival time
---------------------------------------------------------------------------------------------
                                             15.453588   slack (MET)


Startpoint: cs (input port clocked by sys_clk)
Endpoint: miso (output port clocked by sys_clk)
Path Group: sys_clk
Path Type: max

Fanout         Cap        Slew       Delay        Time   Description
---------------------------------------------------------------------------------------------
                                  0.000000    0.000000   clock sys_clk (rise edge)
                                  0.000000    0.000000   clock network delay (propagated)
                                  4.000000    4.000000 v input external delay
     1    0.002543    0.004346    0.002053    4.002053 v cs (in)
                                                         cs (net)
                      0.004347    0.000000    4.002053 v input2/A (sky130_fd_sc_hd__dlymetal6s2s_1)
     5    0.020262    0.077490    0.121888    4.123941 v input2/X (sky130_fd_sc_hd__dlymetal6s2s_1)
                                                         net2 (net)
                      0.077503    0.000990    4.124931 v _556_/A (sky130_fd_sc_hd__buf_1)
     1    0.009859    0.043915    0.096560    4.221491 v _556_/X (sky130_fd_sc_hd__buf_1)
                                                         _281_ (net)
                      0.043915    0.000219    4.221710 v _720_/TE_B (sky130_fd_sc_hd__ebufn_8)
     1    0.047068    0.141215    0.141759    4.363470 ^ _720_/Z (sky130_fd_sc_hd__ebufn_8)
                                                         miso (net)
                      0.141230    0.001478    4.364948 ^ miso (out)
                                              4.364948   data arrival time

                                 20.000000   20.000000   clock sys_clk (rise edge)
                                  0.000000   20.000000   clock network delay (propagated)
                                 -0.250000   19.750002   clock uncertainty
                                  0.000000   19.750002   clock reconvergence pessimism
                                 -4.000000   15.750001   output external delay
                                             15.750001   data required time
---------------------------------------------------------------------------------------------
                                             15.750001   data required time
                                             -4.364948   data arrival time
---------------------------------------------------------------------------------------------
                                             11.385054   slack (MET)




===========================================================================
report_checks --slack_max -0.01
============================================================================
======================= nom_ff_n40C_1v95 Corner ===================================

No paths found.


===========================================================================
 report_check_types -max_slew -max_cap -max_fanout -violators
============================================================================
======================= nom_ff_n40C_1v95 Corner ===================================

max fanout

Pin                                   Limit Fanout  Slack
---------------------------------------------------------
clkbuf_3_5__f_sys_clk/X                  10     20    -10 (VIOLATED)
clkbuf_3_4__f_sys_clk/X                  10     15     -5 (VIOLATED)
clkbuf_3_7__f_sys_clk/X                  10     14     -4 (VIOLATED)
clkbuf_3_0__f_sys_clk/X                  10     13     -3 (VIOLATED)
clkbuf_3_1__f_sys_clk/X                  10     12     -2 (VIOLATED)
clkbuf_3_2__f_sys_clk/X                  10     11        (VIOLATED)
clkbuf_3_3__f_sys_clk/X                  10     11        (VIOLATED)
clkbuf_3_6__f_sys_clk/X                  10     11        (VIOLATED)



===========================================================================
report_parasitic_annotation -report_unannotated
============================================================================
Found 31 unannotated drivers.
 _588__88/HI
 _589__87/HI
 _590__86/HI
 _591__85/HI
 _592__84/HI
 _593__83/HI
 _594__82/HI
 _595__81/HI
 _596__80/HI
 _597__79/HI
 _598__78/HI
 _599__77/HI
 _600__76/HI
 _601__75/HI
 _602__74/HI
 _603__73/HI
 _604__72/HI
 _605__71/HI
 _606__70/HI
 _607__69/HI
 _608__68/HI
 _609__67/HI
 _610__66/HI
 _611__65/HI
 clkload0/Y
 clkload1/Y
 clkload2/Y
 clkload3/Y
 clkload4/Y
 clkload5/Y
 clkload6/Y
Found 0 partially unannotated drivers.

===========================================================================
max slew violation count 0
max fanout violation count 8
max cap violation count 0
============================================================================

===========================================================================
check_setup -verbose -unconstrained_endpoints -multiple_clock -no_clock -no_input_delay -loops -generated_clocks
===========================================================================
Warning: There are 38 unclocked register/latch pins.
  _575_/CLK
  _576_/CLK
  _614_/CLK
  _615_/CLK
  _616_/CLK
  _617_/CLK
  _618_/CLK
  _619_/CLK
  _620_/CLK
  _621_/CLK
  _622_/CLK
  _623_/CLK
  _624_/CLK
  _625_/CLK
  _626_/CLK
  _627_/CLK
  _628_/CLK
  _629_/CLK
  _630_/CLK
  _631_/CLK
  _632_/CLK
  _633_/CLK
  _634_/CLK
  _635_/CLK
  _636_/CLK
  _637_/CLK
  _638_/CLK
  _639_/CLK
  _640_/CLK
  _641_/CLK
  _642_/CLK
  _643_/CLK
  _644_/CLK
  _645_/CLK
  _646_/CLK
  _647_/CLK
  _648_/CLK
  _649_/CLK
Warning: There are 78 unconstrained endpoints.
  dac[0]
  dac[10]
  dac[11]
  dac[1]
  dac[2]
  dac[3]
  dac[4]
  dac[5]
  dac[6]
  dac[7]
  dac[8]
  dac[9]
  dac_rst
  pwr_gate
  sample_and_hold
  _575_/D
  _576_/D
  _588_/D
  _589_/D
  _590_/D
  _591_/D
  _592_/D
  _593_/D
  _594_/D
  _595_/D
  _596_/D
  _597_/D
  _598_/D
  _599_/D
  _600_/D
  _601_/D
  _602_/D
  _603_/D
  _604_/D
  _605_/D
  _606_/D
  _607_/D
  _608_/D
  _609_/D
  _610_/D
  _611_/D
  _614_/D
  _615_/D
  _616_/D
  _617_/D
  _618_/D
  _619_/D
  _620_/D
  _621_/D
  _622_/D
  _623_/D
  _624_/D
  _625_/D
  _626_/D
  _627_/D
  _628_/D
  _629_/D
  _630_/D
  _631_/D
  _632_/D
  _633_/D
  _634_/D
  _635_/D
  _636_/D
  _637_/D
  _638_/D
  _639_/D
  _640_/D
  _641_/D
  _642_/D
  _643_/D
  _644_/D
  _645_/D
  _646_/D
  _647_/D
  _648_/D
  _649_/D
  _677_/D
