Reading OpenROAD database at '/home/kyouma-hououin/Documents/VLSI/verilog/adc_controller/librelane/runs/RUN_2025-12-06_20-03-52/47-odb-reportdisconnectedpins/spi_adc.odb'…
Reading library file at '/home/kyouma-hououin/pdk/ciel/sky130/versions/0fe599b2afb6708d281543108caf8310912f54af/sky130A/libs.ref/sky130_fd_sc_hd/lib/sky130_fd_sc_hd__tt_025C_1v80.lib'…
Reading design constraints file at '/nix/store/j0zxygszwgin6pwkx80mnja2sn8pcc6d-python3-3.11.9-env/lib/python3.11/site-packages/librelane/scripts/base.sdc'…
[INFO] Using clock sys_clk…
[INFO] Setting output delay to: 4.0
[INFO] Setting input delay to: 4.0
[INFO] Setting load to: 0.033442
[INFO] Setting clock uncertainty to: 0.25
[INFO] Setting clock transition to: 0.1499999999999999944488848768742172978818416595458984375
[INFO] Setting timing derate to: 5%
sky130_ef_sc_hd__decap_12 sky130_fd_sc_hd__decap_8 sky130_fd_sc_hd__decap_6 sky130_fd_sc_hd__decap_4 sky130_fd_sc_hd__decap_3 sky130_fd_sc_hd__fill*
[INFO DPL-0001] Placed 830 filler instances.
Setting global connections for newly added cells…
[INFO] Setting global connections...
Updating metrics…
Cell type report:                       Count       Area
  Fill cell                               916    6526.26
  Tap cell                                180     225.22
  Buffer                                    2       7.51
  Clock buffer                              9     225.22
  Timing Repair Buffer                    114     879.59
  Inverter                                 18      67.56
  Clock inverter                            7      71.32
  Sequential cell                         138    3465.82
  Multi-Input combinational cell          281    2250.91
  Total                                  1665   13719.41
Writing OpenROAD database to '/home/kyouma-hououin/Documents/VLSI/verilog/adc_controller/librelane/runs/RUN_2025-12-06_20-03-52/51-openroad-fillinsertion/spi_adc.odb'…
Writing netlist to '/home/kyouma-hououin/Documents/VLSI/verilog/adc_controller/librelane/runs/RUN_2025-12-06_20-03-52/51-openroad-fillinsertion/spi_adc.nl.v'…
Writing powered netlist to '/home/kyouma-hououin/Documents/VLSI/verilog/adc_controller/librelane/runs/RUN_2025-12-06_20-03-52/51-openroad-fillinsertion/spi_adc.pnl.v'…
Writing layout to '/home/kyouma-hououin/Documents/VLSI/verilog/adc_controller/librelane/runs/RUN_2025-12-06_20-03-52/51-openroad-fillinsertion/spi_adc.def'…
Writing timing constraints to '/home/kyouma-hououin/Documents/VLSI/verilog/adc_controller/librelane/runs/RUN_2025-12-06_20-03-52/51-openroad-fillinsertion/spi_adc.sdc'…
