Clock: sys_clk
Sources: sys_clk 
Generated: no
Virtual: yes
Propagated: no
Period: 100.000000

===========================================================================
report_clock_properties
============================================================================
Clock                   Period          Waveform
----------------------------------------------------
sys_clk             100.000000    0.000000 50.000000

===========================================================================
report_clock_latency
============================================================================
Clock sys_clk
rise -> rise
    min     max
0.000000 0.000000 source latency
0.395127         network latency _585_/CLK
        1.341433 network latency _656_/CLK
---------------
0.395127 1.341433 latency
        0.946306 skew

rise -> fall
    min     max
0.000000 0.000000 source latency
0.932014         network latency _678_/CLK
        1.303602 network latency _656_/CLK
---------------
0.932014 1.303602 latency
        0.371588 skew

fall -> fall
    min     max
0.000000 0.000000 source latency
0.363041         network latency _585_/CLK
        0.365119 network latency _618_/CLK
---------------
0.363041 0.365119 latency
        0.002078 skew



===========================================================================
report_clock_min_period
============================================================================
sys_clk period_min = 3.40 fmax = 293.80
