Clock: sys_clk
Sources: sys_clk 
Generated: no
Virtual: yes
Propagated: no
Period: 100.000000

===========================================================================
report_clock_properties
============================================================================
Clock                   Period          Waveform
----------------------------------------------------
sys_clk             100.000000    0.000000 50.000000

===========================================================================
report_clock_latency
============================================================================
Clock sys_clk
rise -> rise
    min     max
0.000000 0.000000 source latency
0.449476         network latency _585_/CLK
        1.554075 network latency _669_/CLK
---------------
0.449476 1.554075 latency
        1.104599 skew

rise -> fall
    min     max
0.000000 0.000000 source latency
1.024453         network latency _678_/CLK
        1.471940 network latency _669_/CLK
---------------
1.024453 1.471940 latency
        0.447487 skew

fall -> fall
    min     max
0.000000 0.000000 source latency
0.398391         network latency _585_/CLK
        0.407898 network latency _560_/CLK
---------------
0.398391 0.407898 latency
        0.009507 skew



===========================================================================
report_clock_min_period
============================================================================
sys_clk period_min = 3.57 fmax = 279.93
