Reading OpenROAD database at '/home/kyouma-hououin/Documents/VLSI/designs/spi_sar_adc/librelane/runs/RUN_2025-12-07_14-16-00/25-odb-customioplacement/spi_adc.odb'…
Reading library file at '/home/kyouma-hououin/pdk/ciel/sky130/versions/0fe599b2afb6708d281543108caf8310912f54af/sky130A/libs.ref/sky130_fd_sc_hd/lib/sky130_fd_sc_hd__tt_025C_1v80.lib'…
Reading design constraints file at '/nix/store/j0zxygszwgin6pwkx80mnja2sn8pcc6d-python3-3.11.9-env/lib/python3.11/site-packages/librelane/scripts/base.sdc'…
[INFO] Using clock sys_clk…
[INFO] Setting output delay to: 20.0
[INFO] Setting input delay to: 20.0
[INFO] Setting load to: 0.033442
[INFO] Setting clock uncertainty to: 0.25
[INFO] Setting clock transition to: 0.1499999999999999944488848768742172978818416595458984375
[INFO] Setting timing derate to: 5%
[INFO] Setting RC values…
[INFO] Setting signal min routing layer to: met1 and clock min routing layer to met1. 
[INFO] Setting signal max routing layer to: met5 and clock max routing layer to met5. 
+ global_placement -density 0.5 -timing_driven -routability_driven -pad_right 0 -pad_left 0 -init_wirelength_coef 0.25
[INFO GPL-0002] DBU: 1000
[INFO GPL-0003] SiteSize: (  0.460  2.720 ) um
[INFO GPL-0004] CoreBBox: (  5.520 10.880 ) ( 122.820 127.840 ) um
[INFO GPL-0006] NumInstances:               705
[INFO GPL-0007] NumPlaceInstances:          439
[INFO GPL-0008] NumFixedInstances:          266
[INFO GPL-0009] NumDummyInstances:            0
[INFO GPL-0010] NumNets:                    445
[INFO GPL-0011] NumPins:                   1708
[INFO GPL-0012] DieBBox:  (  0.000  0.000 ) ( 128.415 139.135 ) um
[INFO GPL-0013] CoreBBox: (  5.520 10.880 ) ( 122.820 127.840 ) um
[INFO GPL-0016] CoreArea:             13719.408 um^2
[INFO GPL-0017] NonPlaceInstsArea:      548.026 um^2
[INFO GPL-0018] PlaceInstsArea:        6199.696 um^2
[INFO GPL-0019] Util:                    47.069 %
[INFO GPL-0020] StdInstsArea:          6199.696 um^2
[INFO GPL-0021] MacroInstsArea:           0.000 um^2
[InitialPlace]  Iter: 1 CG residual: 0.00000008 HPWL: 12272816
[InitialPlace]  Iter: 2 CG residual: 0.00000009 HPWL: 6780167
[InitialPlace]  Iter: 3 CG residual: 0.00000007 HPWL: 6571104
[InitialPlace]  Iter: 4 CG residual: 0.00000012 HPWL: 6443559
[InitialPlace]  Iter: 5 CG residual: 0.00000010 HPWL: 6365679
[INFO GPL-0031] FillerInit:NumGCells:       466
[INFO GPL-0032] FillerInit:NumGNets:        445
[INFO GPL-0033] FillerInit:NumGPins:       1708
[INFO GPL-0023] TargetDensity:            0.500
[INFO GPL-0024] AvrgPlaceInstArea:       14.122 um^2
[INFO GPL-0025] IdealBinArea:            28.245 um^2
[INFO GPL-0026] IdealBinCnt:                485
[INFO GPL-0027] TotalBinArea:         13719.408 um^2
[INFO GPL-0028] BinCnt:        16     16
[INFO GPL-0029] BinSize: (  7.332  7.310 )
[INFO GPL-0030] NumBins: 256
[NesterovSolve] Iter:    1 overflow: 0.952 HPWL: 3032140
[NesterovSolve] Iter:   10 overflow: 0.904 HPWL: 3765410
[NesterovSolve] Iter:   20 overflow: 0.893 HPWL: 3790269
[NesterovSolve] Iter:   30 overflow: 0.884 HPWL: 3825863
[NesterovSolve] Iter:   40 overflow: 0.881 HPWL: 3847211
[NesterovSolve] Iter:   50 overflow: 0.876 HPWL: 3853527
[NesterovSolve] Iter:   60 overflow: 0.869 HPWL: 3846901
[NesterovSolve] Iter:   70 overflow: 0.870 HPWL: 3829300
[NesterovSolve] Iter:   80 overflow: 0.870 HPWL: 3815806
[NesterovSolve] Iter:   90 overflow: 0.870 HPWL: 3823161
[NesterovSolve] Iter:  100 overflow: 0.869 HPWL: 3824708
[NesterovSolve] Iter:  110 overflow: 0.869 HPWL: 3821805
[NesterovSolve] Iter:  120 overflow: 0.867 HPWL: 3824060
[NesterovSolve] Iter:  130 overflow: 0.867 HPWL: 3845060
[NesterovSolve] Iter:  140 overflow: 0.865 HPWL: 3885754
[NesterovSolve] Iter:  150 overflow: 0.858 HPWL: 3944158
[NesterovSolve] Iter:  160 overflow: 0.839 HPWL: 4021720
[NesterovSolve] Iter:  170 overflow: 0.829 HPWL: 4110746
[NesterovSolve] Iter:  180 overflow: 0.804 HPWL: 4231015
[NesterovSolve] Iter:  190 overflow: 0.792 HPWL: 4366099
[INFO GPL-0100] Timing-driven: executing resizer for reweighting nets.
[INFO GPL-0101] Timing-driven: worst slack 5.94e-08
[INFO GPL-0103] Timing-driven: weighted 40 nets.
[NesterovSolve] Iter:  200 overflow: 0.756 HPWL: 4522551
[NesterovSolve] Iter:  210 overflow: 0.731 HPWL: 4697663
[NesterovSolve] Iter:  220 overflow: 0.716 HPWL: 4877705
[NesterovSolve] Iter:  230 overflow: 0.673 HPWL: 5070093
[NesterovSolve] Iter:  240 overflow: 0.651 HPWL: 5296299
[INFO GPL-0100] Timing-driven: executing resizer for reweighting nets.
[INFO GPL-0101] Timing-driven: worst slack 5.94e-08
[INFO GPL-0103] Timing-driven: weighted 41 nets.
[NesterovSolve] Iter:  250 overflow: 0.617 HPWL: 5460323
[NesterovSolve] Snapshot saved at iter = 256
[NesterovSolve] Iter:  260 overflow: 0.569 HPWL: 5728147
[NesterovSolve] Iter:  270 overflow: 0.537 HPWL: 5896969
[NesterovSolve] Iter:  280 overflow: 0.485 HPWL: 6064553
[INFO GPL-0100] Timing-driven: executing resizer for reweighting nets.
[INFO GPL-0101] Timing-driven: worst slack 5.94e-08
[INFO GPL-0103] Timing-driven: weighted 38 nets.
[NesterovSolve] Iter:  290 overflow: 0.442 HPWL: 6279334
[NesterovSolve] Iter:  300 overflow: 0.397 HPWL: 6413222
[NesterovSolve] Iter:  310 overflow: 0.347 HPWL: 6601091
[NesterovSolve] Iter:  320 overflow: 0.307 HPWL: 6673451
[INFO GPL-0075] Routability numCall: 1 inflationIterCnt: 1 bloatIterCnt: 0
[INFO GPL-0036] TileBBox: (    0    0 ) ( 6900 6900 ) DBU
[INFO GPL-0038] TileCnt:      18   20
[INFO GPL-0040] NumTiles: 360
[INFO GPL-0081] TotalRouteOverflow: 0
[INFO GPL-0082] OverflowTileCnt: 0
[INFO GPL-0083] 0.5%RC: 0.7428028881549835
[INFO GPL-0084] 1.0%RC: 0.7348537147045135
[INFO GPL-0085] 2.0%RC: 0.7273775860667229
[INFO GPL-0086] 5.0%RC: 0.7026312020089891
[INFO GPL-0087] FinalRC: 0.7388283
[INFO GPL-0077] FinalRC lower than targetRC(1.01), routability not needed.
[INFO GPL-0100] Timing-driven: executing resizer for reweighting nets.
[INFO GPL-0101] Timing-driven: worst slack 5.94e-08
[INFO GPL-0103] Timing-driven: weighted 40 nets.
[NesterovSolve] Iter:  330 overflow: 0.268 HPWL: 6785424
[NesterovSolve] Iter:  340 overflow: 0.244 HPWL: 6913905
[NesterovSolve] Iter:  350 overflow: 0.219 HPWL: 7018599
[INFO GPL-0100] Timing-driven: executing resizer for reweighting nets.
[INFO GPL-0101] Timing-driven: worst slack 5.94e-08
[INFO GPL-0103] Timing-driven: weighted 40 nets.
[NesterovSolve] Iter:  360 overflow: 0.191 HPWL: 7099812
[NesterovSolve] Iter:  370 overflow: 0.161 HPWL: 7152538
[INFO GPL-0100] Timing-driven: executing resizer for reweighting nets.
[INFO GPL-0101] Timing-driven: worst slack 5.94e-08
[INFO GPL-0103] Timing-driven: weighted 39 nets.
[NesterovSolve] Iter:  380 overflow: 0.128 HPWL: 7192244
[NesterovSolve] Iter:  390 overflow: 0.106 HPWL: 7223455
[NesterovSolve] Finished with Overflow: 0.098932
[INFO] Setting RC values…
Setting global connections for newly added cells…
[INFO] Setting global connections...
Updating metrics…
Cell type report:                       Count       Area
  Fill cell                                86     322.81
  Tap cell                                180     225.22
  Buffer                                    2       8.76
  Inverter                                 18      67.56
  Sequential cell                         138    3625.98
  Multi-Input combinational cell          281    2497.40
  Total                                   705    6747.72
Writing OpenROAD database to '/home/kyouma-hououin/Documents/VLSI/designs/spi_sar_adc/librelane/runs/RUN_2025-12-07_14-16-00/27-openroad-globalplacement/spi_adc.odb'…
Writing netlist to '/home/kyouma-hououin/Documents/VLSI/designs/spi_sar_adc/librelane/runs/RUN_2025-12-07_14-16-00/27-openroad-globalplacement/spi_adc.nl.v'…
Writing powered netlist to '/home/kyouma-hououin/Documents/VLSI/designs/spi_sar_adc/librelane/runs/RUN_2025-12-07_14-16-00/27-openroad-globalplacement/spi_adc.pnl.v'…
Writing layout to '/home/kyouma-hououin/Documents/VLSI/designs/spi_sar_adc/librelane/runs/RUN_2025-12-07_14-16-00/27-openroad-globalplacement/spi_adc.def'…
Writing timing constraints to '/home/kyouma-hououin/Documents/VLSI/designs/spi_sar_adc/librelane/runs/RUN_2025-12-07_14-16-00/27-openroad-globalplacement/spi_adc.sdc'…
