                                                                        Cells by Master                                                                         
┏━━━━━━━━━━━━━━━━━━━━━━━━━━━━━━━━━━━━━━━━━━━━━━━━━━━━━━━━━━━━━━━━━━━━━━━━━━━━━━━━━━━━━━━━━━━━━━━━━━━━━━━━━━━━━━━━━━━━━━━━━━━━━━━━━━┳━━━━━━━━━━━━━━━━━━━━━━━━━━━┓
┃ Cell                                                                                                                             ┃ Count                     ┃
┡━━━━━━━━━━━━━━━━━━━━━━━━━━━━━━━━━━━━━━━━━━━━━━━━━━━━━━━━━━━━━━━━━━━━━━━━━━━━━━━━━━━━━━━━━━━━━━━━━━━━━━━━━━━━━━━━━━━━━━━━━━━━━━━━━━╇━━━━━━━━━━━━━━━━━━━━━━━━━━━┩
│ sky130_ef_sc_hd__decap_12                                                                                                        │ 243                       │
│ sky130_fd_sc_hd__a211o_1                                                                                                         │ 1                         │
│ sky130_fd_sc_hd__a211oi_1                                                                                                        │ 2                         │
│ sky130_fd_sc_hd__a21o_1                                                                                                          │ 38                        │
│ sky130_fd_sc_hd__a21oi_1                                                                                                         │ 4                         │
│ sky130_fd_sc_hd__a21oi_2                                                                                                         │ 1                         │
│ sky130_fd_sc_hd__a221o_1                                                                                                         │ 1                         │
│ sky130_fd_sc_hd__a22o_1                                                                                                          │ 23                        │
│ sky130_fd_sc_hd__a22oi_1                                                                                                         │ 7                         │
│ sky130_fd_sc_hd__a22oi_2                                                                                                         │ 2                         │
│ sky130_fd_sc_hd__a31o_1                                                                                                          │ 1                         │
│ sky130_fd_sc_hd__a32o_1                                                                                                          │ 2                         │
│ sky130_fd_sc_hd__and2_1                                                                                                          │ 3                         │
│ sky130_fd_sc_hd__and2_2                                                                                                          │ 1                         │
│ sky130_fd_sc_hd__and2b_1                                                                                                         │ 3                         │
│ sky130_fd_sc_hd__and3_1                                                                                                          │ 4                         │
│ sky130_fd_sc_hd__and3b_1                                                                                                         │ 1                         │
│ sky130_fd_sc_hd__and4_1                                                                                                          │ 2                         │
│ sky130_fd_sc_hd__and4b_1                                                                                                         │ 1                         │
│ sky130_fd_sc_hd__buf_1                                                                                                           │ 3                         │
│ sky130_fd_sc_hd__buf_2                                                                                                           │ 30                        │
│ sky130_fd_sc_hd__bufinv_16                                                                                                       │ 1                         │
│ sky130_fd_sc_hd__clkbuf_1                                                                                                        │ 3                         │
│ sky130_fd_sc_hd__clkbuf_16                                                                                                       │ 9                         │
│ sky130_fd_sc_hd__clkbuf_2                                                                                                        │ 11                        │
│ sky130_fd_sc_hd__clkbuf_4                                                                                                        │ 17                        │
│ sky130_fd_sc_hd__clkinv_2                                                                                                        │ 1                         │
│ sky130_fd_sc_hd__clkinv_4                                                                                                        │ 1                         │
│ sky130_fd_sc_hd__clkinvlp_4                                                                                                      │ 3                         │
│ sky130_fd_sc_hd__conb_1                                                                                                          │ 26                        │
│ sky130_fd_sc_hd__decap_3                                                                                                         │ 181                       │
│ sky130_fd_sc_hd__decap_4                                                                                                         │ 102                       │
│ sky130_fd_sc_hd__decap_6                                                                                                         │ 51                        │
│ sky130_fd_sc_hd__decap_8                                                                                                         │ 92                        │
│ sky130_fd_sc_hd__dfrtp_1                                                                                                         │ 131                       │
│ sky130_fd_sc_hd__dfrtp_2                                                                                                         │ 4                         │
│ sky130_fd_sc_hd__dfrtp_4                                                                                                         │ 2                         │
│ sky130_fd_sc_hd__dfstp_1                                                                                                         │ 1                         │
│ sky130_fd_sc_hd__dlygate4sd3_1                                                                                                   │ 49                        │
│ sky130_fd_sc_hd__dlymetal6s2s_1                                                                                                  │ 2                         │
│ sky130_fd_sc_hd__ebufn_8                                                                                                         │ 1                         │
│ sky130_fd_sc_hd__fill_1                                                                                                          │ 182                       │
│ sky130_fd_sc_hd__fill_2                                                                                                          │ 90                        │
│ sky130_fd_sc_hd__inv_2                                                                                                           │ 18                        │
│ sky130_fd_sc_hd__mux2_1                                                                                                          │ 43                        │
│ sky130_fd_sc_hd__nand2_1                                                                                                         │ 5                         │
│ sky130_fd_sc_hd__nand2b_1                                                                                                        │ 2                         │
│ sky130_fd_sc_hd__nand2b_2                                                                                                        │ 1                         │
│ sky130_fd_sc_hd__nand3_1                                                                                                         │ 1                         │
│ sky130_fd_sc_hd__nor2_1                                                                                                          │ 20                        │
│ sky130_fd_sc_hd__nor2_4                                                                                                          │ 1                         │
│ sky130_fd_sc_hd__nor3_1                                                                                                          │ 2                         │
│ sky130_fd_sc_hd__nor3b_1                                                                                                         │ 1                         │
│ sky130_fd_sc_hd__o2111ai_4                                                                                                       │ 1                         │
│ sky130_fd_sc_hd__o211a_1                                                                                                         │ 14                        │
│ sky130_fd_sc_hd__o21a_1                                                                                                          │ 18                        │
│ sky130_fd_sc_hd__o21ai_1                                                                                                         │ 1                         │
│ sky130_fd_sc_hd__o21ba_1                                                                                                         │ 2                         │
│ sky130_fd_sc_hd__o22a_1                                                                                                          │ 11                        │
│ sky130_fd_sc_hd__o31a_1                                                                                                          │ 1                         │
│ sky130_fd_sc_hd__or2_1                                                                                                           │ 4                         │
│ sky130_fd_sc_hd__or3_1                                                                                                           │ 9                         │
│ sky130_fd_sc_hd__or3_2                                                                                                           │ 1                         │
│ sky130_fd_sc_hd__or3b_2                                                                                                          │ 2                         │
│ sky130_fd_sc_hd__or4_1                                                                                                           │ 10                        │
│ sky130_fd_sc_hd__or4_2                                                                                                           │ 1                         │
│ sky130_fd_sc_hd__or4b_1                                                                                                          │ 4                         │
│ sky130_fd_sc_hd__tapvpwrvgnd_1                                                                                                   │ 180                       │
│ sky130_fd_sc_hd__xnor2_1                                                                                                         │ 2                         │
└──────────────────────────────────────────────────────────────────────────────────────────────────────────────────────────────────┴───────────────────────────┘
