[WARNING ORD-0039] .openroad ignored with -python
Top-level design name: spi_adc
Block boundaries: 0 0 128465 139185
Horizontal Tracks Origin: 340, Count: 204, Step: 680
Vertical Tracks Origin: 230, Count: 279, Step: 460
Placement details for the N side
Virtual pin count:  0
Actual pin count:  3
Total pin count:  3
Tracks count:  279
Tracks per pin:  93
Used tracks count:  187
Unused track count:  92
Starting track index:  46
Placement details for the E side
Virtual pin count:  0
Actual pin count:  17
Total pin count:  17
Tracks count:  102
Tracks per pin:  6
Used tracks count:  97
Unused track count:  5
Starting track index:  2
Placement details for the S side
Virtual pin count:  0
Actual pin count:  5
Total pin count:  5
Tracks count:  279
Tracks per pin:  55
Used tracks count:  221
Unused track count:  58
Starting track index:  29
