Reading OpenROAD database at '/home/kyouma-hououin/Documents/VLSI/designs/spi_sar_adc/librelane/runs/RUN_2025-12-07_14-16-00/31-openroad-repairdesignpostgpl/spi_adc.odb'…
Reading library file at '/home/kyouma-hououin/pdk/ciel/sky130/versions/0fe599b2afb6708d281543108caf8310912f54af/sky130A/libs.ref/sky130_fd_sc_hd/lib/sky130_fd_sc_hd__tt_025C_1v80.lib'…
Reading design constraints file at '/nix/store/j0zxygszwgin6pwkx80mnja2sn8pcc6d-python3-3.11.9-env/lib/python3.11/site-packages/librelane/scripts/base.sdc'…
[INFO] Using clock sys_clk…
[INFO] Setting output delay to: 20.0
[INFO] Setting input delay to: 20.0
[INFO] Setting load to: 0.033442
[INFO] Setting clock uncertainty to: 0.25
[INFO] Setting clock transition to: 0.1499999999999999944488848768742172978818416595458984375
[INFO] Setting timing derate to: 5%
Placement Analysis
---------------------------------
total displacement          0.0 u
average displacement        0.0 u
max displacement            0.0 u
original HPWL            9693.4 u
legalized HPWL           9981.6 u
delta HPWL                    3 %

[INFO DPL-0020] Mirrored 168 instances
[INFO DPL-0021] HPWL before            9981.6 u
[INFO DPL-0022] HPWL after             9693.4 u
[INFO DPL-0023] HPWL delta               -2.9 %
Setting global connections for newly added cells…
[INFO] Setting global connections...
Updating metrics…
Cell type report:                       Count       Area
  Fill cell                                86     322.81
  Tap cell                                180     225.22
  Buffer                                    2       7.51
  Timing Repair Buffer                     64     372.86
  Inverter                                 18      67.56
  Sequential cell                         138    3467.08
  Multi-Input combinational cell          281    2202.11
  Total                                   769    6665.14
Writing OpenROAD database to '/home/kyouma-hououin/Documents/VLSI/designs/spi_sar_adc/librelane/runs/RUN_2025-12-07_14-16-00/33-openroad-detailedplacement/spi_adc.odb'…
Writing netlist to '/home/kyouma-hououin/Documents/VLSI/designs/spi_sar_adc/librelane/runs/RUN_2025-12-07_14-16-00/33-openroad-detailedplacement/spi_adc.nl.v'…
Writing powered netlist to '/home/kyouma-hououin/Documents/VLSI/designs/spi_sar_adc/librelane/runs/RUN_2025-12-07_14-16-00/33-openroad-detailedplacement/spi_adc.pnl.v'…
Writing layout to '/home/kyouma-hououin/Documents/VLSI/designs/spi_sar_adc/librelane/runs/RUN_2025-12-07_14-16-00/33-openroad-detailedplacement/spi_adc.def'…
Writing timing constraints to '/home/kyouma-hououin/Documents/VLSI/designs/spi_sar_adc/librelane/runs/RUN_2025-12-07_14-16-00/33-openroad-detailedplacement/spi_adc.sdc'…
