Clock: sys_clk
Sources: sys_clk 
Generated: no
Virtual: yes
Propagated: no
Period: 100.000000

===========================================================================
report_clock_properties
============================================================================
Clock                   Period          Waveform
----------------------------------------------------
sys_clk             100.000000    0.000000 50.000000

===========================================================================
report_clock_latency
============================================================================
Clock sys_clk
rise -> rise
    min     max
0.000000 0.000000 source latency
0.304617         network latency _585_/CLK
        1.027291 network latency _669_/CLK
---------------
0.304617 1.027291 latency
        0.722674 skew

rise -> fall
    min     max
0.000000 0.000000 source latency
0.669521         network latency _678_/CLK
        0.965800 network latency _669_/CLK
---------------
0.669521 0.965800 latency
        0.296279 skew

fall -> fall
    min     max
0.000000 0.000000 source latency
0.268450         network latency _585_/CLK
        0.274124 network latency _560_/CLK
---------------
0.268450 0.274124 latency
        0.005674 skew



===========================================================================
report_clock_min_period
============================================================================
sys_clk period_min = 2.22 fmax = 450.29
