147. Printing statistics.

=== spi_adc ===

   Number of wires:                434
   Number of wire bits:            445
   Number of public wires:         152
   Number of public wire bits:     163
   Number of ports:                 14
   Number of port bits:             25
   Number of memories:               0
   Number of memory bits:            0
   Number of processes:              0
   Number of cells:                439
     sky130_fd_sc_hd__a211o_2        1
     sky130_fd_sc_hd__a211oi_2       2
     sky130_fd_sc_hd__a21o_2        38
     sky130_fd_sc_hd__a21oi_2        5
     sky130_fd_sc_hd__a221o_2        1
     sky130_fd_sc_hd__a22o_2        23
     sky130_fd_sc_hd__a22oi_2        9
     sky130_fd_sc_hd__a31o_2         1
     sky130_fd_sc_hd__a32o_2         2
     sky130_fd_sc_hd__and2_2         4
     sky130_fd_sc_hd__and2b_2        3
     sky130_fd_sc_hd__and3_2         4
     sky130_fd_sc_hd__and3b_2        1
     sky130_fd_sc_hd__and4_2         2
     sky130_fd_sc_hd__and4b_2        1
     sky130_fd_sc_hd__buf_1          1
     sky130_fd_sc_hd__buf_2          1
     sky130_fd_sc_hd__conb_1        26
     sky130_fd_sc_hd__dfrtp_2      137
     sky130_fd_sc_hd__dfstp_2        1
     sky130_fd_sc_hd__ebufn_2        1
     sky130_fd_sc_hd__inv_2         18
     sky130_fd_sc_hd__mux2_1        43
     sky130_fd_sc_hd__nand2_2        5
     sky130_fd_sc_hd__nand2b_2       3
     sky130_fd_sc_hd__nand3_2        1
     sky130_fd_sc_hd__nor2_2        21
     sky130_fd_sc_hd__nor3_2         2
     sky130_fd_sc_hd__nor3b_2        1
     sky130_fd_sc_hd__o2111ai_2      1
     sky130_fd_sc_hd__o211a_2       14
     sky130_fd_sc_hd__o21a_2        18
     sky130_fd_sc_hd__o21ai_2        1
     sky130_fd_sc_hd__o21ba_2        2
     sky130_fd_sc_hd__o22a_2        11
     sky130_fd_sc_hd__o31a_2         1
     sky130_fd_sc_hd__or2_2          4
     sky130_fd_sc_hd__or3_2         10
     sky130_fd_sc_hd__or3b_2         2
     sky130_fd_sc_hd__or4_2         11
     sky130_fd_sc_hd__or4b_2         4
     sky130_fd_sc_hd__xnor2_2        2

   Chip area for module '\spi_adc': 6199.696000
     of which used for sequential elements: 3625.977600 (58.49%)

