Reading timing models for corner nom_tt_025C_1v80…
Reading timing library for the 'nom_tt_025C_1v80' corner at '/home/kyouma-hououin/pdk/ciel/sky130/versions/0fe599b2afb6708d281543108caf8310912f54af/sky130A/libs.ref/sky130_fd_sc_hd/lib/sky130_fd_sc_hd__tt_025C_1v80.lib'…
Reading timing models for corner nom_ff_n40C_1v95…
Reading timing library for the 'nom_ff_n40C_1v95' corner at '/home/kyouma-hououin/pdk/ciel/sky130/versions/0fe599b2afb6708d281543108caf8310912f54af/sky130A/libs.ref/sky130_fd_sc_hd/lib/sky130_fd_sc_hd__ff_n40C_1v95.lib'…
Reading timing models for corner nom_ss_100C_1v60…
Reading timing library for the 'nom_ss_100C_1v60' corner at '/home/kyouma-hououin/pdk/ciel/sky130/versions/0fe599b2afb6708d281543108caf8310912f54af/sky130A/libs.ref/sky130_fd_sc_hd/lib/sky130_fd_sc_hd__ss_100C_1v60.lib'…
Reading OpenROAD database at '/home/kyouma-hououin/Documents/VLSI/designs/spi_sar_adc/librelane/runs/RUN_2025-12-07_14-16-00/34-openroad-cts/spi_adc.odb'…
Reading design constraints file at '/nix/store/j0zxygszwgin6pwkx80mnja2sn8pcc6d-python3-3.11.9-env/lib/python3.11/site-packages/librelane/scripts/base.sdc'…
[INFO] Using clock sys_clk…
[INFO] Setting output delay to: 20.0
[INFO] Setting input delay to: 20.0
[INFO] Setting load to: 0.033442
[INFO] Setting clock uncertainty to: 0.25
[INFO] Setting clock transition to: 0.1499999999999999944488848768742172978818416595458984375
[INFO] Setting timing derate to: 5%
[INFO] Setting RC values…
[INFO RSZ-0098] No setup violations found
[INFO RSZ-0046] Found 47 endpoints with hold violations.
Iteration | Resized | Buffers | Cloned Gates |   WNS   |   TNS   | Endpoint
---------------------------------------------------------------------------
        0 |       0 |       0 |            0 |  -0.020 |  -0.025 | _612_/D
    final |       0 |      49 |            0 |   0.100 |   0.000 | _589_/D
---------------------------------------------------------------------------
[INFO RSZ-0032] Inserted 49 hold buffers.
Placement Analysis
---------------------------------
total displacement        258.8 u
average displacement        0.3 u
max displacement            7.4 u
original HPWL           10425.2 u
legalized HPWL          10961.1 u
delta HPWL                    5 %

[INFO DPL-0020] Mirrored 207 instances
[INFO DPL-0021] HPWL before           10961.1 u
[INFO DPL-0022] HPWL after            10589.7 u
[INFO DPL-0023] HPWL delta               -3.4 %
[INFO] Setting RC values…
Setting global connections for newly added cells…
[INFO] Setting global connections...
Updating metrics…
Cell type report:                       Count       Area
  Fill cell                                86     322.81
  Tap cell                                180     225.22
  Buffer                                    2       7.51
  Clock buffer                              9     225.22
  Timing Repair Buffer                    113     863.33
  Inverter                                 18      67.56
  Clock inverter                            6      66.31
  Sequential cell                         138    3467.08
  Multi-Input combinational cell          281    2202.11
  Total                                   833    7447.14
Writing OpenROAD database to '/home/kyouma-hououin/Documents/VLSI/designs/spi_sar_adc/librelane/runs/RUN_2025-12-07_14-16-00/36-openroad-resizertimingpostcts/spi_adc.odb'…
Writing netlist to '/home/kyouma-hououin/Documents/VLSI/designs/spi_sar_adc/librelane/runs/RUN_2025-12-07_14-16-00/36-openroad-resizertimingpostcts/spi_adc.nl.v'…
Writing powered netlist to '/home/kyouma-hououin/Documents/VLSI/designs/spi_sar_adc/librelane/runs/RUN_2025-12-07_14-16-00/36-openroad-resizertimingpostcts/spi_adc.pnl.v'…
Writing layout to '/home/kyouma-hououin/Documents/VLSI/designs/spi_sar_adc/librelane/runs/RUN_2025-12-07_14-16-00/36-openroad-resizertimingpostcts/spi_adc.def'…
Writing timing constraints to '/home/kyouma-hououin/Documents/VLSI/designs/spi_sar_adc/librelane/runs/RUN_2025-12-07_14-16-00/36-openroad-resizertimingpostcts/spi_adc.sdc'…
