139. Printing statistics.

=== spi_adc ===

   Number of wires:                651
   Number of wire bits:            823
   Number of public wires:          43
   Number of public wire bits:     171
   Number of ports:                 14
   Number of port bits:             25
   Number of memories:               0
   Number of memory bits:            0
   Number of processes:              0
   Number of cells:                804
     $_ANDNOT_                     178
     $_AND_                         21
     $_MUX_                        224
     $_NAND_                        36
     $_NOR_                         43
     $_NOT_                         22
     $_ORNOT_                       21
     $_OR_                          82
     $_XNOR_                        19
     $_XOR_                         19
     sky130_fd_sc_hd__dfrtp_2      137
     sky130_fd_sc_hd__dfstp_2        1
     sky130_fd_sc_hd__ebufn_2        1

   Area for cell type $_NOT_ is unknown!
   Area for cell type $_AND_ is unknown!
   Area for cell type $_NAND_ is unknown!
   Area for cell type $_OR_ is unknown!
   Area for cell type $_NOR_ is unknown!
   Area for cell type $_XOR_ is unknown!
   Area for cell type $_XNOR_ is unknown!
   Area for cell type $_ANDNOT_ is unknown!
   Area for cell type $_ORNOT_ is unknown!
   Area for cell type $_MUX_ is unknown!

   Chip area for module '\spi_adc': 3637.238400
     of which used for sequential elements: 3625.977600 (99.69%)

