
===========================================================================
report_checks -unconstrained
===========================================================================
======================= nom_ss_100C_1v60 Corner ===================================

Startpoint: reset_ (input port clocked by sys_clk)
Endpoint: _581_ (recovery check against rising-edge clock sys_clk)
Path Group: asynchronous
Path Type: max

Fanout         Cap        Slew       Delay        Time   Description
---------------------------------------------------------------------------------------------
                                  0.000000    0.000000   clock sys_clk (rise edge)
                                  0.000000    0.000000   clock network delay (propagated)
                                  4.000000    4.000000 ^ input external delay
     1    0.002513    0.030356    0.014276    4.014276 ^ reset_ (in)
                                                         reset_ (net)
                      0.030356    0.000000    4.014276 ^ input4/A (sky130_fd_sc_hd__dlymetal6s2s_1)
     4    0.021895    0.355231    0.347897    4.362173 ^ input4/X (sky130_fd_sc_hd__dlymetal6s2s_1)
                                                         net4 (net)
                      0.355232    0.000390    4.362563 ^ fanout63/A (sky130_fd_sc_hd__buf_2)
     8    0.042573    0.334689    0.510074    4.872637 ^ fanout63/X (sky130_fd_sc_hd__buf_2)
                                                         net63 (net)
                      0.334689    0.000590    4.873227 ^ fanout62/A (sky130_fd_sc_hd__clkbuf_4)
    10    0.049051    0.245097    0.494741    5.367968 ^ fanout62/X (sky130_fd_sc_hd__clkbuf_4)
                                                         net62 (net)
                      0.245097    0.000582    5.368550 ^ fanout61/A (sky130_fd_sc_hd__clkbuf_4)
    10    0.048194    0.240446    0.453836    5.822385 ^ fanout61/X (sky130_fd_sc_hd__clkbuf_4)
                                                         net61 (net)
                      0.240451    0.001445    5.823831 ^ _581_/RESET_B (sky130_fd_sc_hd__dfrtp_2)
                                              5.823831   data arrival time

                                 20.000000   20.000000   clock sys_clk (rise edge)
                                  0.000000   20.000000   clock source latency
     1    0.019155    0.144099    0.098352   20.098352 ^ sys_clk (in)
                                                         sys_clk (net)
                      0.144117    0.000000   20.098352 ^ clkbuf_0_sys_clk/A (sky130_fd_sc_hd__clkbuf_16)
     8    0.088824    0.160382    0.336044   20.434397 ^ clkbuf_0_sys_clk/X (sky130_fd_sc_hd__clkbuf_16)
                                                         clknet_0_sys_clk (net)
                      0.160456    0.003221   20.437616 ^ clkbuf_3_7__f_sys_clk/A (sky130_fd_sc_hd__clkbuf_16)
    14    0.058256    0.118219    0.311406   20.749023 ^ clkbuf_3_7__f_sys_clk/X (sky130_fd_sc_hd__clkbuf_16)
                                                         clknet_3_7__leaf_sys_clk (net)
                      0.118238    0.001462   20.750484 ^ _581_/CLK (sky130_fd_sc_hd__dfrtp_2)
                                 -0.250000   20.500486   clock uncertainty
                                  0.000000   20.500486   clock reconvergence pessimism
                                  0.388066   20.888552   library recovery time
                                             20.888552   data required time
---------------------------------------------------------------------------------------------
                                             20.888552   data required time
                                             -5.823831   data arrival time
---------------------------------------------------------------------------------------------
                                             15.064721   slack (MET)


Startpoint: cs (input port clocked by sys_clk)
Endpoint: _612_ (rising edge-triggered flip-flop clocked by sys_clk)
Path Group: sys_clk
Path Type: max

Fanout         Cap        Slew       Delay        Time   Description
---------------------------------------------------------------------------------------------
                                  0.000000    0.000000   clock sys_clk (rise edge)
                                  0.000000    0.000000   clock network delay (propagated)
                                  4.000000    4.000000 v input external delay
     1    0.002369    0.016828    0.007879    4.007879 v cs (in)
                                                         cs (net)
                      0.016828    0.000000    4.007879 v input2/A (sky130_fd_sc_hd__dlymetal6s2s_1)
     5    0.019991    0.210078    0.379405    4.387284 v input2/X (sky130_fd_sc_hd__dlymetal6s2s_1)
                                                         net2 (net)
                      0.210078    0.000655    4.387939 v _395_/A (sky130_fd_sc_hd__or4b_1)
     1    0.004130    0.194934    1.280720    5.668660 v _395_/X (sky130_fd_sc_hd__or4b_1)
                                                         _201_ (net)
                      0.194934    0.000149    5.668808 v _397_/C (sky130_fd_sc_hd__or4_1)
     2    0.010602    0.272030    1.282821    6.951630 v _397_/X (sky130_fd_sc_hd__or4_1)
                                                         _203_ (net)
                      0.272030    0.000281    6.951910 v _399_/B (sky130_fd_sc_hd__or2_2)
     4    0.020689    0.197052    0.833911    7.785821 v _399_/X (sky130_fd_sc_hd__or2_2)
                                                         _205_ (net)
                      0.197052    0.000368    7.786189 v fanout26/A (sky130_fd_sc_hd__buf_2)
    10    0.040375    0.190631    0.424294    8.210484 v fanout26/X (sky130_fd_sc_hd__buf_2)
                                                         net26 (net)
                      0.190631    0.000452    8.210936 v _402_/A (sky130_fd_sc_hd__nor2_1)
     2    0.010934    0.351424    0.382659    8.593595 ^ _402_/Y (sky130_fd_sc_hd__nor2_1)
                                                         _208_ (net)
                      0.351425    0.000483    8.594078 ^ _454_/S (sky130_fd_sc_hd__mux2_1)
     1    0.002730    0.109318    0.788265    9.382343 v _454_/X (sky130_fd_sc_hd__mux2_1)
                                                         _067_ (net)
                      0.109318    0.000083    9.382426 v hold39/A (sky130_fd_sc_hd__dlygate4sd3_1)
     1    0.002048    0.099338    1.129239   10.511665 v hold39/X (sky130_fd_sc_hd__dlygate4sd3_1)
                                                         net127 (net)
                      0.099338    0.000057   10.511723 v _612_/D (sky130_fd_sc_hd__dfrtp_1)
                                             10.511723   data arrival time

                                 20.000000   20.000000   clock sys_clk (rise edge)
                                  0.000000   20.000000   clock source latency
     1    0.019155    0.144099    0.098352   20.098352 ^ sys_clk (in)
                                                         sys_clk (net)
                      0.144117    0.000000   20.098352 ^ clkbuf_0_sys_clk/A (sky130_fd_sc_hd__clkbuf_16)
     8    0.088824    0.160382    0.336044   20.434397 ^ clkbuf_0_sys_clk/X (sky130_fd_sc_hd__clkbuf_16)
                                                         clknet_0_sys_clk (net)
                      0.160478    0.003601   20.437996 ^ clkbuf_3_0__f_sys_clk/A (sky130_fd_sc_hd__clkbuf_16)
    13    0.049817    0.106765    0.302000   20.739998 ^ clkbuf_3_0__f_sys_clk/X (sky130_fd_sc_hd__clkbuf_16)
                                                         clknet_3_0__leaf_sys_clk (net)
                      0.106771    0.001057   20.741055 ^ _612_/CLK (sky130_fd_sc_hd__dfrtp_1)
                                 -0.250000   20.491055   clock uncertainty
                                  0.000000   20.491055   clock reconvergence pessimism
                                 -0.278992   20.212063   library setup time
                                             20.212063   data required time
---------------------------------------------------------------------------------------------
                                             20.212063   data required time
                                            -10.511723   data arrival time
---------------------------------------------------------------------------------------------
                                              9.700339   slack (MET)




===========================================================================
report_checks --slack_max -0.01
============================================================================
======================= nom_ss_100C_1v60 Corner ===================================

No paths found.


===========================================================================
 report_check_types -max_slew -max_cap -max_fanout -violators
============================================================================
======================= nom_ss_100C_1v60 Corner ===================================

max fanout

Pin                                   Limit Fanout  Slack
---------------------------------------------------------
clkbuf_3_5__f_sys_clk/X                  10     20    -10 (VIOLATED)
clkbuf_3_4__f_sys_clk/X                  10     15     -5 (VIOLATED)
clkbuf_3_7__f_sys_clk/X                  10     14     -4 (VIOLATED)
clkbuf_3_0__f_sys_clk/X                  10     13     -3 (VIOLATED)
clkbuf_3_1__f_sys_clk/X                  10     12     -2 (VIOLATED)
clkbuf_3_2__f_sys_clk/X                  10     11        (VIOLATED)
clkbuf_3_3__f_sys_clk/X                  10     11        (VIOLATED)
clkbuf_3_6__f_sys_clk/X                  10     11        (VIOLATED)



===========================================================================
report_parasitic_annotation -report_unannotated
============================================================================
Found 31 unannotated drivers.
 _588__88/HI
 _589__87/HI
 _590__86/HI
 _591__85/HI
 _592__84/HI
 _593__83/HI
 _594__82/HI
 _595__81/HI
 _596__80/HI
 _597__79/HI
 _598__78/HI
 _599__77/HI
 _600__76/HI
 _601__75/HI
 _602__74/HI
 _603__73/HI
 _604__72/HI
 _605__71/HI
 _606__70/HI
 _607__69/HI
 _608__68/HI
 _609__67/HI
 _610__66/HI
 _611__65/HI
 clkload0/Y
 clkload1/Y
 clkload2/Y
 clkload3/Y
 clkload4/Y
 clkload5/Y
 clkload6/Y
Found 0 partially unannotated drivers.

===========================================================================
max slew violation count 0
max fanout violation count 8
max cap violation count 0
============================================================================

===========================================================================
check_setup -verbose -unconstrained_endpoints -multiple_clock -no_clock -no_input_delay -loops -generated_clocks
===========================================================================
Warning: There are 38 unclocked register/latch pins.
  _575_/CLK
  _576_/CLK
  _614_/CLK
  _615_/CLK
  _616_/CLK
  _617_/CLK
  _618_/CLK
  _619_/CLK
  _620_/CLK
  _621_/CLK
  _622_/CLK
  _623_/CLK
  _624_/CLK
  _625_/CLK
  _626_/CLK
  _627_/CLK
  _628_/CLK
  _629_/CLK
  _630_/CLK
  _631_/CLK
  _632_/CLK
  _633_/CLK
  _634_/CLK
  _635_/CLK
  _636_/CLK
  _637_/CLK
  _638_/CLK
  _639_/CLK
  _640_/CLK
  _641_/CLK
  _642_/CLK
  _643_/CLK
  _644_/CLK
  _645_/CLK
  _646_/CLK
  _647_/CLK
  _648_/CLK
  _649_/CLK
Warning: There are 78 unconstrained endpoints.
  dac[0]
  dac[10]
  dac[11]
  dac[1]
  dac[2]
  dac[3]
  dac[4]
  dac[5]
  dac[6]
  dac[7]
  dac[8]
  dac[9]
  dac_rst
  pwr_gate
  sample_and_hold
  _575_/D
  _576_/D
  _588_/D
  _589_/D
  _590_/D
  _591_/D
  _592_/D
  _593_/D
  _594_/D
  _595_/D
  _596_/D
  _597_/D
  _598_/D
  _599_/D
  _600_/D
  _601_/D
  _602_/D
  _603_/D
  _604_/D
  _605_/D
  _606_/D
  _607_/D
  _608_/D
  _609_/D
  _610_/D
  _611_/D
  _614_/D
  _615_/D
  _616_/D
  _617_/D
  _618_/D
  _619_/D
  _620_/D
  _621_/D
  _622_/D
  _623_/D
  _624_/D
  _625_/D
  _626_/D
  _627_/D
  _628_/D
  _629_/D
  _630_/D
  _631_/D
  _632_/D
  _633_/D
  _634_/D
  _635_/D
  _636_/D
  _637_/D
  _638_/D
  _639_/D
  _640_/D
  _641_/D
  _642_/D
  _643_/D
  _644_/D
  _645_/D
  _646_/D
  _647_/D
  _648_/D
  _649_/D
  _677_/D
