Reading OpenROAD database at '/home/kyouma-hououin/Documents/VLSI/designs/spi_sar_adc/librelane/runs/RUN_2025-12-07_14-16-00/15-odb-setpowerconnections/spi_adc.odb'…
Reading library file at '/home/kyouma-hououin/pdk/ciel/sky130/versions/0fe599b2afb6708d281543108caf8310912f54af/sky130A/libs.ref/sky130_fd_sc_hd/lib/sky130_fd_sc_hd__tt_025C_1v80.lib'…
Reading design constraints file at '/nix/store/j0zxygszwgin6pwkx80mnja2sn8pcc6d-python3-3.11.9-env/lib/python3.11/site-packages/librelane/scripts/base.sdc'…
[INFO] Using clock sys_clk…
[INFO] Setting output delay to: 20.0
[INFO] Setting input delay to: 20.0
[INFO] Setting load to: 0.033442
[INFO] Setting clock uncertainty to: 0.25
[INFO] Setting clock transition to: 0.1499999999999999944488848768742172978818416595458984375
[INFO] Setting timing derate to: 5%
Setting global connections for newly added cells…
[INFO] Setting global connections...
Updating metrics…
Cell type report:                       Count       Area
  Buffer                                    2       8.76
  Inverter                                 18      67.56
  Sequential cell                         138    3625.98
  Multi-Input combinational cell          281    2497.40
  Total                                   439    6199.70
Writing OpenROAD database to '/home/kyouma-hououin/Documents/VLSI/designs/spi_sar_adc/librelane/runs/RUN_2025-12-07_14-16-00/17-openroad-cutrows/spi_adc.odb'…
Writing layout to '/home/kyouma-hououin/Documents/VLSI/designs/spi_sar_adc/librelane/runs/RUN_2025-12-07_14-16-00/17-openroad-cutrows/spi_adc.def'…
