Clock: sys_clk
Sources: sys_clk 
Generated: no
Virtual: yes
Propagated: no
Period: 20.000000

===========================================================================
report_clock_properties
============================================================================
Clock                   Period          Waveform
----------------------------------------------------
sys_clk              20.000000    0.000000 10.000000

===========================================================================
report_clock_latency
============================================================================
Clock sys_clk
rise -> rise
    min     max
0.000000 0.000000 source latency
0.394039         network latency _565_/CLK
        1.309512 network latency _615_/CLK
---------------
0.394039 1.309512 latency
        0.915473 skew

rise -> fall
    min     max
0.000000 0.000000 source latency
0.912140         network latency _644_/CLK
        1.276641 network latency _615_/CLK
---------------
0.912140 1.276641 latency
        0.364501 skew

fall -> fall
    min     max
0.000000 0.000000 source latency
0.363048         network latency _565_/CLK
        0.366739 network latency _586_/CLK
---------------
0.363048 0.366739 latency
        0.003690 skew



===========================================================================
report_clock_min_period
============================================================================
sys_clk period_min = 3.37 fmax = 297.03
