Clock: sys_clk
Sources: sys_clk 
Generated: no
Virtual: no
Propagated: no
Period: 20.000000

===========================================================================
report_clock_properties
============================================================================
Clock                   Period          Waveform
----------------------------------------------------
sys_clk              20.000000    0.000000 10.000000

===========================================================================
report_clock_latency
============================================================================
Clock sys_clk
rise -> rise
    min     max
0.000000 0.000000 source latency
0.577226         network latency _557_/CLK
        0.741822 network latency _575_/CLK
---------------
0.577226 0.741822 latency
        0.164595 skew

rise -> fall
    min     max
0.000000 0.000000 source latency
0.641904         network latency _575_/CLK
        0.641904 network latency _575_/CLK
---------------
0.641904 0.641904 latency
        0.000000 skew

fall -> fall
    min     max
0.000000 0.000000 source latency
0.278174         network latency _557_/CLK
        0.278174 network latency _557_/CLK
---------------
0.278174 0.278174 latency
        0.000000 skew



===========================================================================
report_clock_min_period
============================================================================
sys_clk period_min = 2.89 fmax = 346.59
