Clock: sys_clk
Sources: sys_clk 
Generated: no
Virtual: no
Propagated: no
Period: 20.000000

===========================================================================
report_clock_properties
============================================================================
Clock                   Period          Waveform
----------------------------------------------------
sys_clk              20.000000    0.000000 10.000000

===========================================================================
report_clock_latency
============================================================================
Clock sys_clk
rise -> rise
    min     max
0.000000 0.000000 source latency
0.454697         network latency _557_/CLK
        0.518472 network latency _575_/CLK
---------------
0.454697 0.518472 latency
        0.063775 skew

rise -> fall
    min     max
0.000000 0.000000 source latency
0.425553         network latency _575_/CLK
        0.425553 network latency _575_/CLK
---------------
0.425553 0.425553 latency
        0.000000 skew

fall -> fall
    min     max
0.000000 0.000000 source latency
0.200707         network latency _557_/CLK
        0.200707 network latency _557_/CLK
---------------
0.200707 0.200707 latency
        0.000000 skew



===========================================================================
report_clock_min_period
============================================================================
sys_clk period_min = 1.82 fmax = 550.49
