Clock: sys_clk
Sources: sys_clk 
Generated: no
Virtual: yes
Propagated: no
Period: 20.000000

===========================================================================
report_clock_properties
============================================================================
Clock                   Period          Waveform
----------------------------------------------------
sys_clk              20.000000    0.000000 10.000000

===========================================================================
report_clock_latency
============================================================================
Clock sys_clk
rise -> rise
    min     max
0.000000 0.000000 source latency
0.755736         network latency _570_/CLK
        2.653556 network latency _575_/CLK
---------------
0.755736 2.653556 latency
        1.897820 skew

rise -> fall
    min     max
0.000000 0.000000 source latency
1.848365         network latency _644_/CLK
        2.636896 network latency _575_/CLK
---------------
1.848365 2.636896 latency
        0.788531 skew

fall -> fall
    min     max
0.000000 0.000000 source latency
0.697966         network latency _570_/CLK
        0.708777 network latency _586_/CLK
---------------
0.697966 0.708777 latency
        0.010811 skew



===========================================================================
report_clock_min_period
============================================================================
sys_clk period_min = 7.46 fmax = 134.05
