[WARNING ORD-0039] .openroad ignored with -python
Unannotated report:
['report_parasitic_annotation -report_unannotated\n',
 '============================================================================\n',
 'Found 32 unannotated drivers.\n',
 ' _621__90/HI\n',
 ' _622__89/HI\n',
 ' _623__88/HI\n',
 ' _624__87/HI\n',
 ' _625__86/HI\n',
 ' _626__85/HI\n',
 ' _627__84/HI\n',
 ' _628__83/HI\n',
 ' _629__82/HI\n',
 ' _630__81/HI\n',
 ' _631__80/HI\n',
 ' _632__79/HI\n',
 ' _633__78/HI\n',
 ' _634__77/HI\n',
 ' _635__76/HI\n',
 ' _636__75/HI\n',
 ' _637__74/HI\n',
 ' _638__73/HI\n',
 ' _639__72/HI\n',
 ' _640__71/HI\n',
 ' _641__70/HI\n',
 ' _642__69/HI\n',
 ' _643__68/HI\n',
 ' _644__67/HI\n',
 ' _645__66/HI\n',
 ' _646__65/HI\n',
 ' clkload0/Y\n',
 ' clkload1/Y\n',
 ' clkload2/Y\n',
 ' clkload3/Y\n',
 ' clkload4/Y\n',
 ' clkload5/Y\n',
 'Found 0 partially unannotated drivers.\n',
 '\n']
Reported nets:
['_621__90/HI',
 '_622__89/HI',
 '_623__88/HI',
 '_624__87/HI',
 '_625__86/HI',
 '_626__85/HI',
 '_627__84/HI',
 '_628__83/HI',
 '_629__82/HI',
 '_630__81/HI',
 '_631__80/HI',
 '_632__79/HI',
 '_633__78/HI',
 '_634__77/HI',
 '_635__76/HI',
 '_636__75/HI',
 '_637__74/HI',
 '_638__73/HI',
 '_639__72/HI',
 '_640__71/HI',
 '_641__70/HI',
 '_642__69/HI',
 '_643__68/HI',
 '_644__67/HI',
 '_645__66/HI',
 '_646__65/HI',
 'clkload0/Y',
 'clkload1/Y',
 'clkload2/Y',
 'clkload3/Y',
 'clkload4/Y',
 'clkload5/Y']
Filtered nets:
[]
done
