Clock: sys_clk
Sources: sys_clk 
Generated: no
Virtual: yes
Propagated: no
Period: 20.000000

===========================================================================
report_clock_properties
============================================================================
Clock                   Period          Waveform
----------------------------------------------------
sys_clk              20.000000    0.000000 10.000000

===========================================================================
report_clock_latency
============================================================================
Clock sys_clk
rise -> rise
    min     max
0.000000 0.000000 source latency
0.308228         network latency _570_/CLK
        1.012294 network latency _575_/CLK
---------------
0.308228 1.012294 latency
        0.704066 skew

rise -> fall
    min     max
0.000000 0.000000 source latency
0.668812         network latency _644_/CLK
        0.967606 network latency _575_/CLK
---------------
0.668812 0.967606 latency
        0.298794 skew

fall -> fall
    min     max
0.000000 0.000000 source latency
0.272139         network latency _570_/CLK
        0.280928 network latency _590_/CLK
---------------
0.272139 0.280928 latency
        0.008789 skew



===========================================================================
report_clock_min_period
============================================================================
sys_clk period_min = 2.26 fmax = 441.72
