Clock: sys_clk
Sources: sys_clk 
Generated: no
Virtual: yes
Propagated: no
Period: 20.000000

===========================================================================
report_clock_properties
============================================================================
Clock                   Period          Waveform
----------------------------------------------------
sys_clk              20.000000    0.000000 10.000000

===========================================================================
report_clock_latency
============================================================================
Clock sys_clk
rise -> rise
    min     max
0.000000 0.000000 source latency
0.399134         network latency _565_/CLK
        1.359476 network latency _615_/CLK
---------------
0.399134 1.359476 latency
        0.960342 skew

rise -> fall
    min     max
0.000000 0.000000 source latency
0.934907         network latency _644_/CLK
        1.320056 network latency _615_/CLK
---------------
0.934907 1.320056 latency
        0.385148 skew

fall -> fall
    min     max
0.000000 0.000000 source latency
0.367403         network latency _565_/CLK
        0.372862 network latency _602_/CLK
---------------
0.367403 0.372862 latency
        0.005459 skew



===========================================================================
report_clock_min_period
============================================================================
sys_clk period_min = 3.44 fmax = 290.30
