
===========================================================================
report_checks -unconstrained
===========================================================================
======================= nom_ss_100C_1v60 Corner ===================================

Startpoint: reset_ (input port clocked by sys_clk)
Endpoint: _555_ (recovery check against rising-edge clock sys_clk)
Path Group: asynchronous
Path Type: max

Fanout         Cap        Slew       Delay        Time   Description
---------------------------------------------------------------------------------------------
                      0.150000    0.000000    0.000000   clock sys_clk (rise edge)
                                  0.000000    0.000000   clock network delay (ideal)
                                 20.000000   20.000000 ^ input external delay
   101    0.327768    2.329827    1.637833   21.637833 ^ reset_ (in)
                                                         reset_ (net)
                      2.329827    0.000000   21.637833 ^ _555_/RESET_B (sky130_fd_sc_hd__dfrtp_2)
                                             21.637833   data arrival time

                      0.150000  100.000000  100.000000   clock sys_clk (rise edge)
                                  0.000000  100.000000   clock network delay (ideal)
                                 -0.250000   99.750000   clock uncertainty
                                  0.000000   99.750000   clock reconvergence pessimism
                                             99.750000 ^ _555_/CLK (sky130_fd_sc_hd__dfrtp_2)
                                 -0.489112   99.260887   library recovery time
                                             99.260887   data required time
---------------------------------------------------------------------------------------------
                                             99.260887   data required time
                                            -21.637833   data arrival time
---------------------------------------------------------------------------------------------
                                             77.623062   slack (MET)


Startpoint: cs (input port clocked by sys_clk)
Endpoint: miso (output port clocked by sys_clk)
Path Group: sys_clk
Path Type: max

Fanout         Cap        Slew       Delay        Time   Description
---------------------------------------------------------------------------------------------
                      0.150000    0.000000    0.000000   clock sys_clk (rise edge)
                                  0.000000    0.000000   clock network delay (ideal)
                                 20.000000   20.000000 v input external delay
     3    0.004661    0.026661    0.015049   20.015049 v cs (in)
                                                         cs (net)
                      0.026661    0.000000   20.015049 v _554_/A (sky130_fd_sc_hd__buf_1)
     1    0.003866    0.063200    0.150980   20.166029 v _554_/X (sky130_fd_sc_hd__buf_1)
                                                         _281_ (net)
                      0.063200    0.000000   20.166029 v _720_/TE_B (sky130_fd_sc_hd__ebufn_2)
     1    0.036047    0.689257    0.581428   20.747458 ^ _720_/Z (sky130_fd_sc_hd__ebufn_2)
                                                         miso (net)
                      0.689257    0.000000   20.747458 ^ miso (out)
                                             20.747458   data arrival time

                      0.150000  100.000000  100.000000   clock sys_clk (rise edge)
                                  0.000000  100.000000   clock network delay (ideal)
                                 -0.250000   99.750000   clock uncertainty
                                  0.000000   99.750000   clock reconvergence pessimism
                                -20.000000   79.750000   output external delay
                                             79.750000   data required time
---------------------------------------------------------------------------------------------
                                             79.750000   data required time
                                            -20.747458   data arrival time
---------------------------------------------------------------------------------------------
                                             59.002541   slack (MET)




===========================================================================
report_checks --slack_max -0.01
============================================================================
======================= nom_ss_100C_1v60 Corner ===================================

No paths found.


===========================================================================
 report_check_types -max_slew -max_cap -max_fanout -violators
============================================================================
======================= nom_ss_100C_1v60 Corner ===================================

max slew

Pin                                        Limit        Slew       Slack
------------------------------------------------------------------------
reset_                                  0.750000    2.329827   -1.579827 (VIOLATED)
_304_/B                                 0.750000    2.329827   -1.579827 (VIOLATED)
_555_/RESET_B                           0.750000    2.329827   -1.579827 (VIOLATED)
_556_/RESET_B                           0.750000    2.329827   -1.579827 (VIOLATED)
_557_/RESET_B                           0.750000    2.329827   -1.579827 (VIOLATED)
_558_/RESET_B                           0.750000    2.329827   -1.579827 (VIOLATED)
_559_/RESET_B                           0.750000    2.329827   -1.579827 (VIOLATED)
_560_/RESET_B                           0.750000    2.329827   -1.579827 (VIOLATED)
_561_/RESET_B                           0.750000    2.329827   -1.579827 (VIOLATED)
_562_/RESET_B                           0.750000    2.329827   -1.579827 (VIOLATED)
_563_/RESET_B                           0.750000    2.329827   -1.579827 (VIOLATED)
_564_/RESET_B                           0.750000    2.329827   -1.579827 (VIOLATED)
_565_/RESET_B                           0.750000    2.329827   -1.579827 (VIOLATED)
_566_/RESET_B                           0.750000    2.329827   -1.579827 (VIOLATED)
_567_/RESET_B                           0.750000    2.329827   -1.579827 (VIOLATED)
_568_/RESET_B                           0.750000    2.329827   -1.579827 (VIOLATED)
_569_/RESET_B                           0.750000    2.329827   -1.579827 (VIOLATED)
_570_/RESET_B                           0.750000    2.329827   -1.579827 (VIOLATED)
_571_/RESET_B                           0.750000    2.329827   -1.579827 (VIOLATED)
_572_/RESET_B                           0.750000    2.329827   -1.579827 (VIOLATED)
_573_/RESET_B                           0.750000    2.329827   -1.579827 (VIOLATED)
_574_/RESET_B                           0.750000    2.329827   -1.579827 (VIOLATED)
_575_/RESET_B                           0.750000    2.329827   -1.579827 (VIOLATED)
_576_/RESET_B                           0.750000    2.329827   -1.579827 (VIOLATED)
_577_/RESET_B                           0.750000    2.329827   -1.579827 (VIOLATED)
_578_/RESET_B                           0.750000    2.329827   -1.579827 (VIOLATED)
_579_/RESET_B                           0.750000    2.329827   -1.579827 (VIOLATED)
_580_/RESET_B                           0.750000    2.329827   -1.579827 (VIOLATED)
_581_/RESET_B                           0.750000    2.329827   -1.579827 (VIOLATED)
_582_/RESET_B                           0.750000    2.329827   -1.579827 (VIOLATED)
_583_/RESET_B                           0.750000    2.329827   -1.579827 (VIOLATED)
_584_/RESET_B                           0.750000    2.329827   -1.579827 (VIOLATED)
_585_/RESET_B                           0.750000    2.329827   -1.579827 (VIOLATED)
_586_/RESET_B                           0.750000    2.329827   -1.579827 (VIOLATED)
_587_/RESET_B                           0.750000    2.329827   -1.579827 (VIOLATED)
_588_/RESET_B                           0.750000    2.329827   -1.579827 (VIOLATED)
_589_/RESET_B                           0.750000    2.329827   -1.579827 (VIOLATED)
_590_/RESET_B                           0.750000    2.329827   -1.579827 (VIOLATED)
_591_/RESET_B                           0.750000    2.329827   -1.579827 (VIOLATED)
_592_/RESET_B                           0.750000    2.329827   -1.579827 (VIOLATED)
_593_/RESET_B                           0.750000    2.329827   -1.579827 (VIOLATED)
_594_/RESET_B                           0.750000    2.329827   -1.579827 (VIOLATED)
_595_/RESET_B                           0.750000    2.329827   -1.579827 (VIOLATED)
_596_/RESET_B                           0.750000    2.329827   -1.579827 (VIOLATED)
_597_/RESET_B                           0.750000    2.329827   -1.579827 (VIOLATED)
_598_/RESET_B                           0.750000    2.329827   -1.579827 (VIOLATED)
_599_/RESET_B                           0.750000    2.329827   -1.579827 (VIOLATED)
_600_/RESET_B                           0.750000    2.329827   -1.579827 (VIOLATED)
_601_/RESET_B                           0.750000    2.329827   -1.579827 (VIOLATED)
_602_/RESET_B                           0.750000    2.329827   -1.579827 (VIOLATED)
_603_/RESET_B                           0.750000    2.329827   -1.579827 (VIOLATED)
_604_/RESET_B                           0.750000    2.329827   -1.579827 (VIOLATED)
_605_/RESET_B                           0.750000    2.329827   -1.579827 (VIOLATED)
_606_/RESET_B                           0.750000    2.329827   -1.579827 (VIOLATED)
_607_/RESET_B                           0.750000    2.329827   -1.579827 (VIOLATED)
_608_/RESET_B                           0.750000    2.329827   -1.579827 (VIOLATED)
_609_/RESET_B                           0.750000    2.329827   -1.579827 (VIOLATED)
_612_/RESET_B                           0.750000    2.329827   -1.579827 (VIOLATED)
_613_/SET_B                             0.750000    2.329827   -1.579827 (VIOLATED)
_614_/RESET_B                           0.750000    2.329827   -1.579827 (VIOLATED)
_615_/RESET_B                           0.750000    2.329827   -1.579827 (VIOLATED)
_616_/RESET_B                           0.750000    2.329827   -1.579827 (VIOLATED)
_617_/RESET_B                           0.750000    2.329827   -1.579827 (VIOLATED)
_618_/RESET_B                           0.750000    2.329827   -1.579827 (VIOLATED)
_619_/RESET_B                           0.750000    2.329827   -1.579827 (VIOLATED)
_620_/RESET_B                           0.750000    2.329827   -1.579827 (VIOLATED)
_621_/RESET_B                           0.750000    2.329827   -1.579827 (VIOLATED)
_622_/RESET_B                           0.750000    2.329827   -1.579827 (VIOLATED)
_623_/RESET_B                           0.750000    2.329827   -1.579827 (VIOLATED)
_624_/RESET_B                           0.750000    2.329827   -1.579827 (VIOLATED)
_625_/RESET_B                           0.750000    2.329827   -1.579827 (VIOLATED)
_626_/RESET_B                           0.750000    2.329827   -1.579827 (VIOLATED)
_627_/RESET_B                           0.750000    2.329827   -1.579827 (VIOLATED)
_628_/RESET_B                           0.750000    2.329827   -1.579827 (VIOLATED)
_629_/RESET_B                           0.750000    2.329827   -1.579827 (VIOLATED)
_630_/RESET_B                           0.750000    2.329827   -1.579827 (VIOLATED)
_631_/RESET_B                           0.750000    2.329827   -1.579827 (VIOLATED)
_632_/RESET_B                           0.750000    2.329827   -1.579827 (VIOLATED)
_633_/RESET_B                           0.750000    2.329827   -1.579827 (VIOLATED)
_634_/RESET_B                           0.750000    2.329827   -1.579827 (VIOLATED)
_635_/RESET_B                           0.750000    2.329827   -1.579827 (VIOLATED)
_636_/RESET_B                           0.750000    2.329827   -1.579827 (VIOLATED)
_637_/RESET_B                           0.750000    2.329827   -1.579827 (VIOLATED)
_638_/RESET_B                           0.750000    2.329827   -1.579827 (VIOLATED)
_639_/RESET_B                           0.750000    2.329827   -1.579827 (VIOLATED)
_640_/RESET_B                           0.750000    2.329827   -1.579827 (VIOLATED)
_641_/RESET_B                           0.750000    2.329827   -1.579827 (VIOLATED)
_642_/RESET_B                           0.750000    2.329827   -1.579827 (VIOLATED)
_643_/RESET_B                           0.750000    2.329827   -1.579827 (VIOLATED)
_644_/RESET_B                           0.750000    2.329827   -1.579827 (VIOLATED)
_645_/RESET_B                           0.750000    2.329827   -1.579827 (VIOLATED)
_646_/RESET_B                           0.750000    2.329827   -1.579827 (VIOLATED)
_647_/RESET_B                           0.750000    2.329827   -1.579827 (VIOLATED)
_648_/RESET_B                           0.750000    2.329827   -1.579827 (VIOLATED)
_685_/RESET_B                           0.750000    2.329827   -1.579827 (VIOLATED)
_686_/RESET_B                           0.750000    2.329827   -1.579827 (VIOLATED)
_687_/RESET_B                           0.750000    2.329827   -1.579827 (VIOLATED)
_688_/RESET_B                           0.750000    2.329827   -1.579827 (VIOLATED)
_689_/RESET_B                           0.750000    2.329827   -1.579827 (VIOLATED)
_690_/RESET_B                           0.750000    2.329827   -1.579827 (VIOLATED)
_691_/RESET_B                           0.750000    2.329827   -1.579827 (VIOLATED)
_692_/RESET_B                           0.750000    2.329827   -1.579827 (VIOLATED)
_304_/X                                 0.750000    0.996498   -0.246498 (VIOLATED)
_610_/RESET_B                           0.750000    0.996498   -0.246498 (VIOLATED)
_611_/RESET_B                           0.750000    0.996498   -0.246498 (VIOLATED)
_649_/RESET_B                           0.750000    0.996498   -0.246498 (VIOLATED)
_650_/RESET_B                           0.750000    0.996498   -0.246498 (VIOLATED)
_651_/RESET_B                           0.750000    0.996498   -0.246498 (VIOLATED)
_652_/RESET_B                           0.750000    0.996498   -0.246498 (VIOLATED)
_653_/RESET_B                           0.750000    0.996498   -0.246498 (VIOLATED)
_654_/RESET_B                           0.750000    0.996498   -0.246498 (VIOLATED)
_655_/RESET_B                           0.750000    0.996498   -0.246498 (VIOLATED)
_656_/RESET_B                           0.750000    0.996498   -0.246498 (VIOLATED)
_657_/RESET_B                           0.750000    0.996498   -0.246498 (VIOLATED)
_658_/RESET_B                           0.750000    0.996498   -0.246498 (VIOLATED)
_659_/RESET_B                           0.750000    0.996498   -0.246498 (VIOLATED)
_660_/RESET_B                           0.750000    0.996498   -0.246498 (VIOLATED)
_661_/RESET_B                           0.750000    0.996498   -0.246498 (VIOLATED)
_662_/RESET_B                           0.750000    0.996498   -0.246498 (VIOLATED)
_663_/RESET_B                           0.750000    0.996498   -0.246498 (VIOLATED)
_664_/RESET_B                           0.750000    0.996498   -0.246498 (VIOLATED)
_665_/RESET_B                           0.750000    0.996498   -0.246498 (VIOLATED)
_666_/RESET_B                           0.750000    0.996498   -0.246498 (VIOLATED)
_667_/RESET_B                           0.750000    0.996498   -0.246498 (VIOLATED)
_668_/RESET_B                           0.750000    0.996498   -0.246498 (VIOLATED)
_669_/RESET_B                           0.750000    0.996498   -0.246498 (VIOLATED)
_670_/RESET_B                           0.750000    0.996498   -0.246498 (VIOLATED)
_671_/RESET_B                           0.750000    0.996498   -0.246498 (VIOLATED)
_672_/RESET_B                           0.750000    0.996498   -0.246498 (VIOLATED)
_673_/RESET_B                           0.750000    0.996498   -0.246498 (VIOLATED)
_674_/RESET_B                           0.750000    0.996498   -0.246498 (VIOLATED)
_675_/RESET_B                           0.750000    0.996498   -0.246498 (VIOLATED)
_676_/RESET_B                           0.750000    0.996498   -0.246498 (VIOLATED)
_677_/RESET_B                           0.750000    0.996498   -0.246498 (VIOLATED)
_678_/RESET_B                           0.750000    0.996498   -0.246498 (VIOLATED)
_679_/RESET_B                           0.750000    0.996498   -0.246498 (VIOLATED)
_680_/RESET_B                           0.750000    0.996498   -0.246498 (VIOLATED)
_681_/RESET_B                           0.750000    0.996498   -0.246498 (VIOLATED)
_682_/RESET_B                           0.750000    0.996498   -0.246498 (VIOLATED)
_683_/RESET_B                           0.750000    0.996498   -0.246498 (VIOLATED)
_684_/RESET_B                           0.750000    0.996498   -0.246498 (VIOLATED)
_432_/Y                                 0.750000    0.855749   -0.105749 (VIOLATED)
_435_/A2                                0.750000    0.855749   -0.105749 (VIOLATED)
_448_/A2                                0.750000    0.855749   -0.105749 (VIOLATED)
_453_/A2                                0.750000    0.855749   -0.105749 (VIOLATED)
_456_/A2                                0.750000    0.855749   -0.105749 (VIOLATED)
_460_/A2                                0.750000    0.855749   -0.105749 (VIOLATED)
_464_/A2                                0.750000    0.855749   -0.105749 (VIOLATED)
_468_/A2                                0.750000    0.855749   -0.105749 (VIOLATED)
_472_/A2                                0.750000    0.855749   -0.105749 (VIOLATED)
_476_/A2                                0.750000    0.855749   -0.105749 (VIOLATED)
_480_/A2                                0.750000    0.855749   -0.105749 (VIOLATED)
_484_/A2                                0.750000    0.855749   -0.105749 (VIOLATED)
_322_/Y                                 0.750000    0.854754   -0.104754 (VIOLATED)
_323_/B1                                0.750000    0.854754   -0.104754 (VIOLATED)
_324_/B                                 0.750000    0.854754   -0.104754 (VIOLATED)
_325_/B1                                0.750000    0.854754   -0.104754 (VIOLATED)
_406_/B1                                0.750000    0.854754   -0.104754 (VIOLATED)
_408_/B1                                0.750000    0.854754   -0.104754 (VIOLATED)
_410_/B1                                0.750000    0.854754   -0.104754 (VIOLATED)
_412_/B1                                0.750000    0.854754   -0.104754 (VIOLATED)
_414_/B1                                0.750000    0.854754   -0.104754 (VIOLATED)
_416_/B1                                0.750000    0.854754   -0.104754 (VIOLATED)
_418_/B1                                0.750000    0.854754   -0.104754 (VIOLATED)
_420_/B1                                0.750000    0.854754   -0.104754 (VIOLATED)
_422_/B1                                0.750000    0.854754   -0.104754 (VIOLATED)
_424_/B1                                0.750000    0.854754   -0.104754 (VIOLATED)
_426_/B1                                0.750000    0.854754   -0.104754 (VIOLATED)
_430_/Y                                 0.750000    0.802733   -0.052733 (VIOLATED)
_446_/A2                                0.750000    0.802733   -0.052733 (VIOLATED)
_450_/A2                                0.750000    0.802733   -0.052733 (VIOLATED)
_454_/A2                                0.750000    0.802733   -0.052733 (VIOLATED)
_458_/A2                                0.750000    0.802733   -0.052733 (VIOLATED)
_462_/A2                                0.750000    0.802733   -0.052733 (VIOLATED)
_466_/A2                                0.750000    0.802733   -0.052733 (VIOLATED)
_470_/A2                                0.750000    0.802733   -0.052733 (VIOLATED)
_474_/A2                                0.750000    0.802733   -0.052733 (VIOLATED)
_478_/A2                                0.750000    0.802733   -0.052733 (VIOLATED)
_482_/A2                                0.750000    0.802733   -0.052733 (VIOLATED)
_486_/A2                                0.750000    0.802733   -0.052733 (VIOLATED)
adc_clk_out                             0.750000    0.801990   -0.051990 (VIOLATED)
_495_/A                                 0.750000    0.801990   -0.051990 (VIOLATED)
_496_/B1                                0.750000    0.801990   -0.051990 (VIOLATED)
_610_/CLK                               0.750000    0.801990   -0.051990 (VIOLATED)
_611_/CLK                               0.750000    0.801990   -0.051990 (VIOLATED)
_648_/Q                                 0.750000    0.801990   -0.051990 (VIOLATED)
_649_/CLK                               0.750000    0.801990   -0.051990 (VIOLATED)
_650_/CLK                               0.750000    0.801990   -0.051990 (VIOLATED)
_651_/CLK                               0.750000    0.801990   -0.051990 (VIOLATED)
_652_/CLK                               0.750000    0.801990   -0.051990 (VIOLATED)
_653_/CLK                               0.750000    0.801990   -0.051990 (VIOLATED)
_654_/CLK                               0.750000    0.801990   -0.051990 (VIOLATED)
_655_/CLK                               0.750000    0.801990   -0.051990 (VIOLATED)
_656_/CLK                               0.750000    0.801990   -0.051990 (VIOLATED)
_657_/CLK                               0.750000    0.801990   -0.051990 (VIOLATED)
_658_/CLK                               0.750000    0.801990   -0.051990 (VIOLATED)
_659_/CLK                               0.750000    0.801990   -0.051990 (VIOLATED)
_660_/CLK                               0.750000    0.801990   -0.051990 (VIOLATED)
_661_/CLK                               0.750000    0.801990   -0.051990 (VIOLATED)
_662_/CLK                               0.750000    0.801990   -0.051990 (VIOLATED)
_663_/CLK                               0.750000    0.801990   -0.051990 (VIOLATED)
_664_/CLK                               0.750000    0.801990   -0.051990 (VIOLATED)
_665_/CLK                               0.750000    0.801990   -0.051990 (VIOLATED)
_666_/CLK                               0.750000    0.801990   -0.051990 (VIOLATED)
_667_/CLK                               0.750000    0.801990   -0.051990 (VIOLATED)
_668_/CLK                               0.750000    0.801990   -0.051990 (VIOLATED)
_669_/CLK                               0.750000    0.801990   -0.051990 (VIOLATED)
_670_/CLK                               0.750000    0.801990   -0.051990 (VIOLATED)
_671_/CLK                               0.750000    0.801990   -0.051990 (VIOLATED)
_672_/CLK                               0.750000    0.801990   -0.051990 (VIOLATED)
_673_/CLK                               0.750000    0.801990   -0.051990 (VIOLATED)
_674_/CLK                               0.750000    0.801990   -0.051990 (VIOLATED)
_675_/CLK                               0.750000    0.801990   -0.051990 (VIOLATED)
_676_/CLK                               0.750000    0.801990   -0.051990 (VIOLATED)
_677_/CLK                               0.750000    0.801990   -0.051990 (VIOLATED)
_678_/CLK                               0.750000    0.801990   -0.051990 (VIOLATED)
_679_/CLK                               0.750000    0.801990   -0.051990 (VIOLATED)
_680_/CLK                               0.750000    0.801990   -0.051990 (VIOLATED)
_681_/CLK                               0.750000    0.801990   -0.051990 (VIOLATED)
_682_/CLK                               0.750000    0.801990   -0.051990 (VIOLATED)
_683_/CLK                               0.750000    0.801990   -0.051990 (VIOLATED)
_684_/CLK                               0.750000    0.801990   -0.051990 (VIOLATED)
_433_/Y                                 0.750000    0.760286   -0.010286 (VIOLATED)
_435_/B1                                0.750000    0.760286   -0.010286 (VIOLATED)
_448_/B1                                0.750000    0.760286   -0.010286 (VIOLATED)
_456_/B1                                0.750000    0.760286   -0.010286 (VIOLATED)
_460_/B1                                0.750000    0.760286   -0.010286 (VIOLATED)
_464_/B1                                0.750000    0.760286   -0.010286 (VIOLATED)
_468_/B1                                0.750000    0.760286   -0.010286 (VIOLATED)
_472_/B1                                0.750000    0.760286   -0.010286 (VIOLATED)
_476_/B1                                0.750000    0.760286   -0.010286 (VIOLATED)
_480_/B1                                0.750000    0.760286   -0.010286 (VIOLATED)
_484_/B1                                0.750000    0.760286   -0.010286 (VIOLATED)
_300_/X                                 0.750000    0.757514   -0.007514 (VIOLATED)
_301_/B                                 0.750000    0.757514   -0.007514 (VIOLATED)
_359_/A2                                0.750000    0.757514   -0.007514 (VIOLATED)
_360_/A2                                0.750000    0.757514   -0.007514 (VIOLATED)
_361_/A2                                0.750000    0.757514   -0.007514 (VIOLATED)
_362_/A2                                0.750000    0.757514   -0.007514 (VIOLATED)
_363_/A2                                0.750000    0.757514   -0.007514 (VIOLATED)
_364_/A2                                0.750000    0.757514   -0.007514 (VIOLATED)
_365_/A2                                0.750000    0.757514   -0.007514 (VIOLATED)
_366_/A2                                0.750000    0.757514   -0.007514 (VIOLATED)
_367_/A2                                0.750000    0.757514   -0.007514 (VIOLATED)
_368_/A2                                0.750000    0.757514   -0.007514 (VIOLATED)
_369_/A2                                0.750000    0.757514   -0.007514 (VIOLATED)
_370_/A2                                0.750000    0.757514   -0.007514 (VIOLATED)
_491_/A1                                0.750000    0.757514   -0.007514 (VIOLATED)
_499_/A2                                0.750000    0.757514   -0.007514 (VIOLATED)
_501_/A2                                0.750000    0.757514   -0.007514 (VIOLATED)
_503_/A2                                0.750000    0.757514   -0.007514 (VIOLATED)
_505_/A2                                0.750000    0.757514   -0.007514 (VIOLATED)
_507_/A2                                0.750000    0.757514   -0.007514 (VIOLATED)
_509_/A2                                0.750000    0.757514   -0.007514 (VIOLATED)
_511_/A2                                0.750000    0.757514   -0.007514 (VIOLATED)
_513_/A2                                0.750000    0.757514   -0.007514 (VIOLATED)
_515_/A2                                0.750000    0.757514   -0.007514 (VIOLATED)
_517_/A2                                0.750000    0.757514   -0.007514 (VIOLATED)
_519_/A2                                0.750000    0.757514   -0.007514 (VIOLATED)
_521_/A2                                0.750000    0.757514   -0.007514 (VIOLATED)
_522_/A2                                0.750000    0.757514   -0.007514 (VIOLATED)
_523_/A2                                0.750000    0.757514   -0.007514 (VIOLATED)
_524_/A2                                0.750000    0.757514   -0.007514 (VIOLATED)
_525_/A2                                0.750000    0.757514   -0.007514 (VIOLATED)
_526_/A2                                0.750000    0.757514   -0.007514 (VIOLATED)
_527_/A2                                0.750000    0.757514   -0.007514 (VIOLATED)
_528_/A2                                0.750000    0.757514   -0.007514 (VIOLATED)
_529_/A2                                0.750000    0.757514   -0.007514 (VIOLATED)
_530_/A2                                0.750000    0.757514   -0.007514 (VIOLATED)
_531_/A2                                0.750000    0.757514   -0.007514 (VIOLATED)
_532_/A2                                0.750000    0.757514   -0.007514 (VIOLATED)
_533_/B1_N                              0.750000    0.757514   -0.007514 (VIOLATED)

max fanout

Pin                                   Limit Fanout  Slack
---------------------------------------------------------
reset_                                   10    101    -91 (VIOLATED)
_648_/Q                                  10     40    -30 (VIOLATED)
_300_/X                                  10     38    -28 (VIOLATED)
_304_/X                                  10     38    -28 (VIOLATED)
_563_/Q                                  10     16     -6 (VIOLATED)
_298_/Y                                  10     14     -4 (VIOLATED)
_322_/Y                                  10     14     -4 (VIOLATED)
_301_/Y                                  10     13     -3 (VIOLATED)
_438_/X                                  10     13     -3 (VIOLATED)
comparator                               10     12     -2 (VIOLATED)
_308_/X                                  10     12     -2 (VIOLATED)
_323_/Y                                  10     12     -2 (VIOLATED)
_431_/X                                  10     12     -2 (VIOLATED)
_437_/X                                  10     12     -2 (VIOLATED)
_534_/X                                  10     12     -2 (VIOLATED)
_376_/Y                                  10     11        (VIOLATED)
_430_/Y                                  10     11        (VIOLATED)
_432_/Y                                  10     11        (VIOLATED)

max capacitance

Pin                                        Limit         Cap       Slack
------------------------------------------------------------------------
reset_                                  0.200000    0.340480   -0.140480 (VIOLATED)



===========================================================================
report_parasitic_annotation -report_unannotated
============================================================================
Found 471 unannotated drivers.
 comparator
 cs
 mosi
 reset_
 sck
 sys_clk
 _282_/Y
 _283_/Y
 _284_/Y
 _285_/Y
 _286_/Y
 _287_/Y
 _288_/Y
 _289_/Y
 _290_/Y
 _291_/Y
 _292_/Y
 _293_/Y
 _294_/Y
 _295_/Y
 _296_/Y
 _297_/X
 _298_/Y
 _299_/Y
 _300_/X
 _301_/Y
 _302_/Y
 _303_/X
 _304_/X
 _305_/X
 _306_/Y
 _307_/X
 _308_/X
 _309_/X
 _310_/X
 _311_/X
 _312_/X
 _313_/X
 _314_/X
 _315_/X
 _316_/X
 _317_/X
 _318_/X
 _319_/X
 _320_/X
 _321_/Y
 _322_/Y
 _323_/Y
 _324_/Y
 _325_/X
 _326_/X
 _327_/X
 _328_/Y
 _329_/X
 _330_/X
 _331_/X
 _332_/X
 _333_/X
 _334_/X
 _335_/X
 _336_/X
 _337_/X
 _338_/X
 _339_/X
 _340_/X
 _341_/X
 _342_/X
 _343_/X
 _344_/X
 _345_/X
 _346_/Y
 _347_/Y
 _348_/Y
 _349_/X
 _350_/Y
 _351_/Y
 _352_/Y
 _353_/X
 _354_/Y
 _355_/X
 _356_/X
 _357_/Y
 _358_/Y
 _359_/X
 _360_/X
 _361_/X
 _362_/X
 _363_/X
 _364_/X
 _365_/X
 _366_/X
 _367_/X
 _368_/X
 _369_/X
 _370_/X
 _371_/X
 _372_/X
 _373_/Y
 _374_/Y
 _375_/X
 _376_/Y
 _377_/X
 _378_/X
 _379_/X
 _380_/X
 _381_/X
 _382_/X
 _383_/X
 _384_/X
 _385_/X
 _386_/Y
 _387_/X
 _388_/X
 _389_/Y
 _390_/X
 _391_/X
 _392_/Y
 _393_/X
 _394_/X
 _395_/X
 _396_/Y
 _397_/X
 _398_/X
 _399_/Y
 _400_/X
 _401_/X
 _402_/X
 _403_/X
 _404_/X
 _405_/X
 _406_/X
 _407_/X
 _408_/X
 _409_/X
 _410_/X
 _411_/X
 _412_/X
 _413_/X
 _414_/X
 _415_/X
 _416_/X
 _417_/X
 _418_/X
 _419_/X
 _420_/X
 _421_/X
 _422_/X
 _423_/X
 _424_/X
 _425_/X
 _426_/X
 _427_/X
 _428_/X
 _429_/Y
 _430_/Y
 _431_/X
 _432_/Y
 _433_/Y
 _434_/X
 _435_/X
 _436_/X
 _437_/X
 _438_/X
 _439_/Y
 _440_/X
 _441_/X
 _442_/X
 _443_/X
 _444_/X
 _445_/X
 _446_/X
 _447_/X
 _448_/Y
 _449_/Y
 _450_/X
 _451_/X
 _452_/Y
 _453_/Y
 _454_/X
 _455_/X
 _456_/Y
 _457_/Y
 _458_/X
 _459_/X
 _460_/Y
 _461_/Y
 _462_/X
 _463_/X
 _464_/Y
 _465_/Y
 _466_/X
 _467_/X
 _468_/Y
 _469_/Y
 _470_/X
 _471_/X
 _472_/Y
 _473_/Y
 _474_/X
 _475_/X
 _476_/Y
 _477_/Y
 _478_/X
 _479_/X
 _480_/Y
 _481_/Y
 _482_/X
 _483_/X
 _484_/Y
 _485_/Y
 _486_/X
 _487_/X
 _488_/X
 _489_/X
 _490_/X
 _491_/Y
 _492_/Y
 _493_/Y
 _494_/X
 _495_/X
 _496_/Y
 _497_/X
 _498_/X
 _499_/X
 _500_/X
 _501_/X
 _502_/X
 _503_/X
 _504_/X
 _505_/X
 _506_/X
 _507_/X
 _508_/X
 _509_/X
 _510_/X
 _511_/X
 _512_/X
 _513_/X
 _514_/X
 _515_/X
 _516_/X
 _517_/X
 _518_/X
 _519_/X
 _520_/X
 _521_/X
 _522_/X
 _523_/X
 _524_/X
 _525_/X
 _526_/X
 _527_/X
 _528_/X
 _529_/X
 _530_/X
 _531_/X
 _532_/X
 _533_/X
 _534_/X
 _535_/X
 _536_/X
 _537_/X
 _538_/X
 _539_/X
 _540_/X
 _541_/X
 _542_/X
 _543_/X
 _544_/X
 _545_/X
 _546_/X
 _547_/X
 _548_/X
 _549_/X
 _550_/X
 _551_/X
 _552_/X
 _553_/X
 _554_/X
 _555_/Q
 _556_/Q
 _557_/Q
 _558_/Q
 _559_/Q
 _560_/Q
 _561_/Q
 _562_/Q
 _563_/Q
 _564_/Q
 _565_/Q
 _566_/Q
 _567_/Q
 _568_/Q
 _569_/Q
 _570_/Q
 _571_/Q
 _572_/Q
 _573_/Q
 _574_/Q
 _575_/Q
 _576_/Q
 _577_/Q
 _578_/Q
 _579_/Q
 _580_/Q
 _581_/Q
 _582_/Q
 _583_/Q
 _584_/Q
 _585_/Q
 _586_/Q
 _587_/Q
 _588_/Q
 _589_/Q
 _590_/Q
 _591_/Q
 _592_/Q
 _593_/Q
 _594_/Q
 _595_/Q
 _596_/Q
 _597_/Q
 _598_/Q
 _599_/Q
 _600_/Q
 _601_/Q
 _602_/Q
 _603_/Q
 _604_/Q
 _605_/Q
 _606_/Q
 _607_/Q
 _608_/Q
 _609_/Q
 _610_/Q
 _611_/Q
 _612_/Q
 _613_/Q
 _614_/Q
 _615_/Q
 _616_/Q
 _617_/Q
 _618_/Q
 _619_/Q
 _620_/Q
 _621_/Q
 _622_/Q
 _623_/Q
 _624_/Q
 _625_/Q
 _626_/Q
 _627_/Q
 _628_/Q
 _629_/Q
 _630_/Q
 _631_/Q
 _632_/Q
 _633_/Q
 _634_/Q
 _635_/Q
 _636_/Q
 _637_/Q
 _638_/Q
 _639_/Q
 _640_/Q
 _641_/Q
 _642_/Q
 _643_/Q
 _644_/Q
 _645_/Q
 _646_/Q
 _647_/Q
 _648_/Q
 _649_/Q
 _650_/Q
 _651_/Q
 _652_/Q
 _653_/Q
 _654_/Q
 _655_/Q
 _656_/Q
 _657_/Q
 _658_/Q
 _659_/Q
 _660_/Q
 _661_/Q
 _662_/Q
 _663_/Q
 _664_/Q
 _665_/Q
 _666_/Q
 _667_/Q
 _668_/Q
 _669_/Q
 _670_/Q
 _671_/Q
 _672_/Q
 _673_/Q
 _674_/Q
 _675_/Q
 _676_/Q
 _677_/Q
 _678_/Q
 _679_/Q
 _680_/Q
 _681_/Q
 _682_/Q
 _683_/Q
 _684_/Q
 _685_/Q
 _686_/Q
 _687_/Q
 _688_/Q
 _689_/Q
 _690_/Q
 _691_/Q
 _692_/Q
 _693_/HI
 _693_/LO
 _694_/HI
 _694_/LO
 _695_/HI
 _695_/LO
 _696_/HI
 _696_/LO
 _697_/HI
 _697_/LO
 _698_/HI
 _698_/LO
 _699_/HI
 _699_/LO
 _700_/HI
 _700_/LO
 _701_/HI
 _701_/LO
 _702_/HI
 _702_/LO
 _703_/HI
 _703_/LO
 _704_/HI
 _704_/LO
 _705_/HI
 _705_/LO
 _706_/HI
 _706_/LO
 _707_/HI
 _707_/LO
 _708_/HI
 _708_/LO
 _709_/HI
 _709_/LO
 _710_/HI
 _710_/LO
 _711_/HI
 _711_/LO
 _712_/HI
 _712_/LO
 _713_/HI
 _713_/LO
 _714_/HI
 _714_/LO
 _715_/HI
 _715_/LO
 _716_/HI
 _716_/LO
 _717_/HI
 _717_/LO
 _718_/HI
 _718_/LO
 _719_/X
 _720_/Z
Found 0 partially unannotated drivers.

===========================================================================
max slew violation count 272
max fanout violation count 18
max cap violation count 1
============================================================================

===========================================================================
check_setup -verbose -unconstrained_endpoints -multiple_clock -no_clock -no_input_delay -loops -generated_clocks
===========================================================================
Warning: There are 38 unclocked register/latch pins.
  _610_/CLK
  _611_/CLK
  _649_/CLK
  _650_/CLK
  _651_/CLK
  _652_/CLK
  _653_/CLK
  _654_/CLK
  _655_/CLK
  _656_/CLK
  _657_/CLK
  _658_/CLK
  _659_/CLK
  _660_/CLK
  _661_/CLK
  _662_/CLK
  _663_/CLK
  _664_/CLK
  _665_/CLK
  _666_/CLK
  _667_/CLK
  _668_/CLK
  _669_/CLK
  _670_/CLK
  _671_/CLK
  _672_/CLK
  _673_/CLK
  _674_/CLK
  _675_/CLK
  _676_/CLK
  _677_/CLK
  _678_/CLK
  _679_/CLK
  _680_/CLK
  _681_/CLK
  _682_/CLK
  _683_/CLK
  _684_/CLK
Warning: There are 80 unconstrained endpoints.
  dac[0]
  dac[10]
  dac[11]
  dac[1]
  dac[2]
  dac[3]
  dac[4]
  dac[5]
  dac[6]
  dac[7]
  dac[8]
  dac[9]
  dac_rst
  pwr_gate
  sample_and_hold
  _574_/D
  _610_/D
  _611_/D
  _621_/D
  _622_/D
  _623_/D
  _624_/D
  _625_/D
  _626_/D
  _627_/D
  _628_/D
  _629_/D
  _630_/D
  _631_/D
  _632_/D
  _633_/D
  _634_/D
  _635_/D
  _636_/D
  _637_/D
  _638_/D
  _639_/D
  _640_/D
  _641_/D
  _642_/D
  _643_/D
  _644_/D
  _645_/D
  _646_/D
  _649_/D
  _650_/D
  _651_/D
  _652_/D
  _653_/D
  _654_/D
  _655_/D
  _656_/D
  _657_/D
  _658_/D
  _659_/D
  _660_/D
  _661_/D
  _662_/D
  _663_/D
  _664_/D
  _665_/D
  _666_/D
  _667_/D
  _668_/D
  _669_/D
  _670_/D
  _671_/D
  _672_/D
  _673_/D
  _674_/D
  _675_/D
  _676_/D
  _677_/D
  _678_/D
  _679_/D
  _680_/D
  _681_/D
  _682_/D
  _683_/D
  _684_/D
