Clock: sys_clk
Sources: sys_clk 
Generated: no
Virtual: no
Propagated: no
Period: 100.000000

===========================================================================
report_clock_properties
============================================================================
Clock                   Period          Waveform
----------------------------------------------------
sys_clk             100.000000    0.000000 50.000000

===========================================================================
report_clock_latency
============================================================================
Clock sys_clk
rise -> rise
    min     max
0.000000 0.000000 source latency
0.890498         network latency _555_/CLK
        1.288767 network latency _610_/CLK
---------------
0.890498 1.288767 latency
        0.398268 skew

rise -> fall
    min     max
0.000000 0.000000 source latency
1.228826         network latency _610_/CLK
        1.228826 network latency _610_/CLK
---------------
1.228826 1.228826 latency
        0.000000 skew

fall -> fall
    min     max
0.000000 0.000000 source latency
0.493021         network latency _555_/CLK
        0.493021 network latency _555_/CLK
---------------
0.493021 0.493021 latency
        0.000000 skew



===========================================================================
report_clock_min_period
============================================================================
sys_clk period_min = 7.27 fmax = 137.62
