Clock: sys_clk
Sources: sys_clk 
Generated: no
Virtual: yes
Propagated: no
Period: 20.000000

===========================================================================
report_clock_properties
============================================================================
Clock                   Period          Waveform
----------------------------------------------------
sys_clk              20.000000    0.000000 10.000000

===========================================================================
report_clock_latency
============================================================================
Clock sys_clk
rise -> rise
    min     max
0.000000 0.000000 source latency
0.724037         network latency _578_/CLK
        2.542398 network latency _575_/CLK
---------------
0.724037 2.542398 latency
        1.818361 skew

rise -> fall
    min     max
0.000000 0.000000 source latency
1.792419         network latency _644_/CLK
        2.533790 network latency _575_/CLK
---------------
1.792419 2.533790 latency
        0.741371 skew

fall -> fall
    min     max
0.000000 0.000000 source latency
0.675804         network latency _578_/CLK
        0.684051 network latency _586_/CLK
---------------
0.675804 0.684051 latency
        0.008247 skew



===========================================================================
report_clock_min_period
============================================================================
sys_clk period_min = 7.35 fmax = 136.10
