Clock: sys_clk
Sources: sys_clk 
Generated: no
Virtual: yes
Propagated: no
Period: 100.000000

===========================================================================
report_clock_properties
============================================================================
Clock                   Period          Waveform
----------------------------------------------------
sys_clk             100.000000    0.000000 50.000000

===========================================================================
report_clock_latency
============================================================================
Clock sys_clk
rise -> rise
    min     max
0.000000 0.000000 source latency
0.733776         network latency _585_/CLK
        2.637446 network latency _669_/CLK
---------------
0.733776 2.637446 latency
        1.903670 skew

rise -> fall
    min     max
0.000000 0.000000 source latency
1.884741         network latency _678_/CLK
        2.655633 network latency _669_/CLK
---------------
1.884741 2.655633 latency
        0.770893 skew

fall -> fall
    min     max
0.000000 0.000000 source latency
0.680110         network latency _585_/CLK
        0.689845 network latency _560_/CLK
---------------
0.680110 0.689845 latency
        0.009734 skew



===========================================================================
report_clock_min_period
============================================================================
sys_clk period_min = 7.54 fmax = 132.55
