[WARNING ORD-0039] .openroad ignored with -python
Unannotated report:
['report_parasitic_annotation -report_unannotated\n',
 '============================================================================\n',
 'Found 31 unannotated drivers.\n',
 ' _588__88/HI\n',
 ' _589__87/HI\n',
 ' _590__86/HI\n',
 ' _591__85/HI\n',
 ' _592__84/HI\n',
 ' _593__83/HI\n',
 ' _594__82/HI\n',
 ' _595__81/HI\n',
 ' _596__80/HI\n',
 ' _597__79/HI\n',
 ' _598__78/HI\n',
 ' _599__77/HI\n',
 ' _600__76/HI\n',
 ' _601__75/HI\n',
 ' _602__74/HI\n',
 ' _603__73/HI\n',
 ' _604__72/HI\n',
 ' _605__71/HI\n',
 ' _606__70/HI\n',
 ' _607__69/HI\n',
 ' _608__68/HI\n',
 ' _609__67/HI\n',
 ' _610__66/HI\n',
 ' _611__65/HI\n',
 ' clkload0/Y\n',
 ' clkload1/Y\n',
 ' clkload2/Y\n',
 ' clkload3/Y\n',
 ' clkload4/Y\n',
 ' clkload5/Y\n',
 ' clkload6/Y\n',
 'Found 0 partially unannotated drivers.\n',
 '\n']
Reported nets:
['_588__88/HI',
 '_589__87/HI',
 '_590__86/HI',
 '_591__85/HI',
 '_592__84/HI',
 '_593__83/HI',
 '_594__82/HI',
 '_595__81/HI',
 '_596__80/HI',
 '_597__79/HI',
 '_598__78/HI',
 '_599__77/HI',
 '_600__76/HI',
 '_601__75/HI',
 '_602__74/HI',
 '_603__73/HI',
 '_604__72/HI',
 '_605__71/HI',
 '_606__70/HI',
 '_607__69/HI',
 '_608__68/HI',
 '_609__67/HI',
 '_610__66/HI',
 '_611__65/HI',
 'clkload0/Y',
 'clkload1/Y',
 'clkload2/Y',
 'clkload3/Y',
 'clkload4/Y',
 'clkload5/Y',
 'clkload6/Y']
Filtered nets:
[]
done
